  [1m[35m (686.7ms)[0m  [1m[35mCREATE DATABASE "todo_development" ENCODING = 'unicode'[0m
  ↳ bin/rails:9
  [1m[35m (256.3ms)[0m  [1m[35mCREATE DATABASE "todo_test" ENCODING = 'unicode'[0m
  ↳ bin/rails:9
  [1m[35m (382.9ms)[0m  [1m[35mCREATE TABLE "schema_migrations" ("version" character varying NOT NULL PRIMARY KEY)[0m
  ↳ bin/rails:9
  [1m[35m (26.5ms)[0m  [1m[35mCREATE TABLE "ar_internal_metadata" ("key" character varying NOT NULL PRIMARY KEY, "value" character varying, "created_at" timestamp NOT NULL, "updated_at" timestamp NOT NULL)[0m
  ↳ bin/rails:9
  [1m[35m (92.6ms)[0m  [1m[34mSELECT pg_try_advisory_lock(5790848985702910395)[0m
  ↳ bin/rails:9
  [1m[35m (13.8ms)[0m  [1m[34mSELECT "schema_migrations"."version" FROM "schema_migrations" ORDER BY "schema_migrations"."version" ASC[0m
  ↳ bin/rails:9
  [1m[36mActiveRecord::InternalMetadata Load (71.8ms)[0m  [1m[34mSELECT  "ar_internal_metadata".* FROM "ar_internal_metadata" WHERE "ar_internal_metadata"."key" = $1 LIMIT $2[0m  [["key", "environment"], ["LIMIT", 1]]
  ↳ bin/rails:9
  [1m[35m (1.6ms)[0m  [1m[35mBEGIN[0m
  ↳ bin/rails:9
  [1m[36mActiveRecord::InternalMetadata Create (74.7ms)[0m  [1m[32mINSERT INTO "ar_internal_metadata" ("key", "value", "created_at", "updated_at") VALUES ($1, $2, $3, $4) RETURNING "key"[0m  [["key", "environment"], ["value", "development"], ["created_at", "2018-10-02 18:44:55.120911"], ["updated_at", "2018-10-02 18:44:55.120911"]]
  ↳ bin/rails:9
  [1m[35m (0.5ms)[0m  [1m[35mCOMMIT[0m
  ↳ bin/rails:9
  [1m[35m (0.4ms)[0m  [1m[34mSELECT pg_advisory_unlock(5790848985702910395)[0m
  ↳ bin/rails:9
  [1m[35m (0.5ms)[0m  [1m[34mSELECT "schema_migrations"."version" FROM "schema_migrations" ORDER BY "schema_migrations"."version" ASC[0m
  ↳ bin/rails:9
  [1m[35m (0.3ms)[0m  [1m[34mSELECT pg_try_advisory_lock(5790848985702910395)[0m
  ↳ bin/rails:9
  [1m[35m (1.1ms)[0m  [1m[34mSELECT "schema_migrations"."version" FROM "schema_migrations" ORDER BY "schema_migrations"."version" ASC[0m
  ↳ bin/rails:9
Migrating to CreateTodos (20181002184639)
  [1m[35m (0.2ms)[0m  [1m[35mBEGIN[0m
  ↳ bin/rails:9
  [1m[35m (264.2ms)[0m  [1m[35mCREATE TABLE "todos" ("id" bigserial primary key, "title" character varying NOT NULL, "body" character varying NOT NULL, "done" boolean NOT NULL, "created_at" timestamp NOT NULL, "updated_at" timestamp NOT NULL)[0m
  ↳ db/migrate/20181002184639_create_todos.rb:3
  [1m[35m (16.1ms)[0m  [1m[35mCREATE  INDEX  "index_todos_on_title" ON "todos"  ("title")[0m
  ↳ db/migrate/20181002184639_create_todos.rb:9
  [1m[36mActiveRecord::SchemaMigration Create (1.1ms)[0m  [1m[32mINSERT INTO "schema_migrations" ("version") VALUES ($1) RETURNING "version"[0m  [["version", "20181002184639"]]
  ↳ bin/rails:9
  [1m[35m (2.0ms)[0m  [1m[35mCOMMIT[0m
  ↳ bin/rails:9
  [1m[36mActiveRecord::InternalMetadata Load (44.9ms)[0m  [1m[34mSELECT  "ar_internal_metadata".* FROM "ar_internal_metadata" WHERE "ar_internal_metadata"."key" = $1 LIMIT $2[0m  [["key", "environment"], ["LIMIT", 1]]
  ↳ bin/rails:9
  [1m[35m (0.2ms)[0m  [1m[35mBEGIN[0m
  ↳ bin/rails:9
  [1m[35m (0.2ms)[0m  [1m[35mCOMMIT[0m
  ↳ bin/rails:9
  [1m[35m (0.4ms)[0m  [1m[34mSELECT pg_advisory_unlock(5790848985702910395)[0m
  ↳ bin/rails:9
  [1m[35m (0.6ms)[0m  [1m[34mSELECT "schema_migrations"."version" FROM "schema_migrations" ORDER BY "schema_migrations"."version" ASC[0m
  ↳ bin/rails:9
  [1m[35m (1.2ms)[0m  [1m[34mSELECT "schema_migrations"."version" FROM "schema_migrations" ORDER BY "schema_migrations"."version" ASC[0m
  ↳ bin/rails:9
  [1m[35m (0.4ms)[0m  [1m[34mSELECT "schema_migrations"."version" FROM "schema_migrations" ORDER BY "schema_migrations"."version" ASC[0m
  ↳ bin/rails:9
  [1m[35m (0.3ms)[0m  [1m[34mSELECT pg_try_advisory_lock(5790848985702910395)[0m
  ↳ bin/rails:9
  [1m[35m (0.9ms)[0m  [1m[34mSELECT "schema_migrations"."version" FROM "schema_migrations" ORDER BY "schema_migrations"."version" ASC[0m
  ↳ bin/rails:9
Migrating to CreateTodolists (20181002185407)
  [1m[35m (0.3ms)[0m  [1m[35mBEGIN[0m
  ↳ bin/rails:9
  [1m[35m (7.2ms)[0m  [1m[35mCREATE TABLE "todolists" ("id" bigserial primary key, "title" character varying NOT NULL, "body" character varying NOT NULL, "done" boolean NOT NULL, "created_at" timestamp NOT NULL, "updated_at" timestamp NOT NULL)[0m
  ↳ db/migrate/20181002185407_create_todolists.rb:3
  [1m[35m (1.2ms)[0m  [1m[35mCREATE  INDEX  "index_todolists_on_title" ON "todolists"  ("title")[0m
  ↳ db/migrate/20181002185407_create_todolists.rb:9
  [1m[36mActiveRecord::SchemaMigration Create (0.5ms)[0m  [1m[32mINSERT INTO "schema_migrations" ("version") VALUES ($1) RETURNING "version"[0m  [["version", "20181002185407"]]
  ↳ bin/rails:9
  [1m[35m (41.3ms)[0m  [1m[35mCOMMIT[0m
  ↳ bin/rails:9
  [1m[36mActiveRecord::InternalMetadata Load (0.5ms)[0m  [1m[34mSELECT  "ar_internal_metadata".* FROM "ar_internal_metadata" WHERE "ar_internal_metadata"."key" = $1 LIMIT $2[0m  [["key", "environment"], ["LIMIT", 1]]
  ↳ bin/rails:9
  [1m[35m (0.6ms)[0m  [1m[35mBEGIN[0m
  ↳ bin/rails:9
  [1m[35m (0.3ms)[0m  [1m[35mCOMMIT[0m
  ↳ bin/rails:9
  [1m[35m (0.5ms)[0m  [1m[34mSELECT pg_advisory_unlock(5790848985702910395)[0m
  ↳ bin/rails:9
  [1m[35m (0.4ms)[0m  [1m[34mSELECT "schema_migrations"."version" FROM "schema_migrations" ORDER BY "schema_migrations"."version" ASC[0m
  ↳ bin/rails:9
  [1m[35m (0.4ms)[0m  [1m[35mBEGIN[0m
  [1m[36mTodolist Create (4.7ms)[0m  [1m[32mINSERT INTO "todolists" ("title", "body", "done", "created_at", "updated_at") VALUES ($1, $2, $3, $4, $5) RETURNING "id"[0m  [["title", "hello"], ["body", "my name is joe"], ["done", false], ["created_at", "2018-10-02 18:58:15.636087"], ["updated_at", "2018-10-02 18:58:15.636087"]]
  [1m[35m (12.3ms)[0m  [1m[35mCOMMIT[0m
  [1m[36mTodolist Load (0.7ms)[0m  [1m[34mSELECT "todolists".* FROM "todolists"[0m
  [1m[36mTodolist Load (0.8ms)[0m  [1m[34mSELECT "todolists".* FROM "todolists"[0m
  [1m[36mTodolist Load (0.6ms)[0m  [1m[34mSELECT  "todolists".* FROM "todolists" ORDER BY "todolists"."id" ASC LIMIT $1[0m  [["LIMIT", 1]]
  [1m[36mTodolist Destroy (29.0ms)[0m  [1m[31mDELETE FROM "todolists" WHERE "todolists"."id" = $1[0m  [["id", 1]]
  [1m[36mTodolist Load (0.8ms)[0m  [1m[34mSELECT "todolists".* FROM "todolists"[0m
  [1m[35m (0.2ms)[0m  [1m[35mBEGIN[0m
  [1m[36mTodolist Create (0.7ms)[0m  [1m[32mINSERT INTO "todolists" ("title", "body", "done", "created_at", "updated_at") VALUES ($1, $2, $3, $4, $5) RETURNING "id"[0m  [["title", "test"], ["body", "destroy"], ["done", false], ["created_at", "2018-10-02 19:06:45.862305"], ["updated_at", "2018-10-02 19:06:45.862305"]]
  [1m[35m (0.5ms)[0m  [1m[35mCOMMIT[0m
  [1m[36mTodolist Load (0.8ms)[0m  [1m[34mSELECT  "todolists".* FROM "todolists" ORDER BY "todolists"."id" ASC LIMIT $1[0m  [["LIMIT", 1]]
  [1m[35m (0.2ms)[0m  [1m[35mBEGIN[0m
  [1m[36mTodolist Destroy (0.8ms)[0m  [1m[31mDELETE FROM "todolists" WHERE "todolists"."id" = $1[0m  [["id", 2]]
  [1m[35m (2.2ms)[0m  [1m[35mCOMMIT[0m
Started GET "/" for 127.0.0.1 at 2018-10-02 13:34:26 -0700
  [1m[35m (11.7ms)[0m  [1m[34mSELECT "schema_migrations"."version" FROM "schema_migrations" ORDER BY "schema_migrations"."version" ASC[0m
  ↳ /usr/local/var/rbenv/versions/2.5.0/lib/ruby/gems/2.5.0/gems/activerecord-5.2.1/lib/active_record/log_subscriber.rb:98

AbstractController::ActionNotFound - The action 'root' could not be found for StaticPagesController:

Started POST "/__better_errors/450ba6d492c4e347/variables" for 127.0.0.1 at 2018-10-02 13:34:28 -0700
Started GET "/" for 127.0.0.1 at 2018-10-02 13:35:41 -0700
Processing by StaticPagesController#root as HTML
  Rendering static_pages/root.html within layouts/application
  Rendered static_pages/root.html within layouts/application (4.4ms)
Completed 200 OK in 2793ms (Views: 2777.7ms | ActiveRecord: 0.0ms)


  [1m[35m (1.9ms)[0m  [1m[35mBEGIN[0m
  [1m[36mTodolist Create (1.6ms)[0m  [1m[32mINSERT INTO "todolists" ("title", "body", "done", "created_at", "updated_at") VALUES ($1, $2, $3, $4, $5) RETURNING "id"[0m  [["title", "title"], ["body", "body"], ["done", false], ["created_at", "2018-10-02 20:37:03.352775"], ["updated_at", "2018-10-02 20:37:03.352775"]]
  [1m[35m (0.5ms)[0m  [1m[35mCOMMIT[0m
  [1m[35m (0.2ms)[0m  [1m[35mBEGIN[0m
  [1m[36mTodolist Create (0.6ms)[0m  [1m[32mINSERT INTO "todolists" ("title", "body", "done", "created_at", "updated_at") VALUES ($1, $2, $3, $4, $5) RETURNING "id"[0m  [["title", "stuff"], ["body", "do things"], ["done", true], ["created_at", "2018-10-02 20:37:22.079305"], ["updated_at", "2018-10-02 20:37:22.079305"]]
  [1m[35m (0.5ms)[0m  [1m[35mCOMMIT[0m
Started GET "/" for 127.0.0.1 at 2018-10-02 13:37:27 -0700
Processing by StaticPagesController#root as HTML
  Rendering static_pages/root.html within layouts/application
  Rendered static_pages/root.html within layouts/application (0.6ms)
Completed 200 OK in 172ms (Views: 168.9ms | ActiveRecord: 0.0ms)


Started GET "/" for 127.0.0.1 at 2018-10-02 13:47:14 -0700
Processing by StaticPagesController#root as HTML
  Rendering static_pages/root.html within layouts/application
  Rendered static_pages/root.html within layouts/application (1.9ms)
Completed 200 OK in 2196ms (Views: 2171.8ms | ActiveRecord: 0.0ms)


Started GET "/" for 127.0.0.1 at 2018-10-02 13:48:36 -0700
Processing by StaticPagesController#root as HTML
  Rendering static_pages/root.html within layouts/application
  Rendered static_pages/root.html within layouts/application (0.4ms)
Completed 200 OK in 219ms (Views: 216.8ms | ActiveRecord: 0.0ms)


Started GET "/" for 127.0.0.1 at 2018-10-02 13:51:32 -0700
Processing by StaticPagesController#root as HTML
  Rendering static_pages/root.html within layouts/application
  Rendered static_pages/root.html within layouts/application (1.4ms)
Completed 200 OK in 1170ms (Views: 1146.4ms | ActiveRecord: 0.0ms)


Started GET "/api/todos" for 127.0.0.1 at 2018-10-02 13:52:15 -0700

NameError - uninitialized constant Api:

Started GET "/api/todos" for 127.0.0.1 at 2018-10-02 13:52:32 -0700

NameError - uninitialized constant Api:

Started GET "/api/todos" for 127.0.0.1 at 2018-10-02 13:52:54 -0700

NameError - uninitialized constant Api:

Started GET "/" for 127.0.0.1 at 2018-10-02 13:53:33 -0700
Processing by StaticPagesController#root as HTML
  Rendering static_pages/root.html within layouts/application
  Rendered static_pages/root.html within layouts/application (1.2ms)
Completed 200 OK in 1329ms (Views: 1323.6ms | ActiveRecord: 0.0ms)


Started GET "/api/todos" for 127.0.0.1 at 2018-10-02 13:53:37 -0700

NameError - uninitialized constant Api:

Started GET "/api/todos" for 127.0.0.1 at 2018-10-02 13:53:39 -0700

NameError - uninitialized constant Api:

Started GET "/" for 127.0.0.1 at 2018-10-02 13:53:51 -0700
Processing by StaticPagesController#root as HTML
  Rendering static_pages/root.html within layouts/application
  Rendered static_pages/root.html within layouts/application (0.5ms)
Completed 200 OK in 824ms (Views: 820.0ms | ActiveRecord: 0.0ms)


Started GET "/api/todos" for 127.0.0.1 at 2018-10-02 13:53:54 -0700

NameError - uninitialized constant Api:

Started GET "/" for 127.0.0.1 at 2018-10-02 13:57:58 -0700
Processing by StaticPagesController#root as HTML
  Rendering static_pages/root.html within layouts/application
  Rendered static_pages/root.html within layouts/application (1.6ms)
Completed 200 OK in 137ms (Views: 133.8ms | ActiveRecord: 0.0ms)


Started GET "/api/todos" for 127.0.0.1 at 2018-10-02 13:58:03 -0700

NameError - uninitialized constant Api:

Started POST "/__better_errors/8da1c23c0a512a54/variables" for 127.0.0.1 at 2018-10-02 13:58:03 -0700
Started GET "/api/todos" for 127.0.0.1 at 2018-10-02 13:59:26 -0700

NameError - uninitialized constant Api:

Started GET "/api/todos" for 127.0.0.1 at 2018-10-02 13:59:47 -0700

NameError - uninitialized constant Api:

Started POST "/__better_errors/0c91aedaafce2dcf/variables" for 127.0.0.1 at 2018-10-02 13:59:47 -0700
Started GET "/api/todos" for 127.0.0.1 at 2018-10-02 13:59:51 -0700

NameError - uninitialized constant Api:

Started POST "/__better_errors/a6035097a5b58263/variables" for 127.0.0.1 at 2018-10-02 13:59:51 -0700
Started GET "/api/todos" for 127.0.0.1 at 2018-10-02 14:03:04 -0700
Processing by Api::TodosController#index as JSON
  [1m[36mTodolist Load (3.2ms)[0m  [1m[34mSELECT "todolists".* FROM "todolists"[0m
  ↳ app/controllers/api/todos_controller.rb:8
Completed 200 OK in 137ms (Views: 62.8ms | ActiveRecord: 31.3ms)


Started GET "/" for 127.0.0.1 at 2018-10-02 14:03:15 -0700
Processing by StaticPagesController#root as HTML
  Rendering static_pages/root.html within layouts/application
  Rendered static_pages/root.html within layouts/application (0.7ms)
Completed 200 OK in 250ms (Views: 244.5ms | ActiveRecord: 0.0ms)


Started GET "/api/todos" for 127.0.0.1 at 2018-10-02 14:03:17 -0700
Processing by Api::TodosController#index as JSON
  [1m[36mTodolist Load (0.5ms)[0m  [1m[34mSELECT "todolists".* FROM "todolists"[0m
  ↳ app/controllers/api/todos_controller.rb:8
Completed 200 OK in 3ms (Views: 1.7ms | ActiveRecord: 0.5ms)


Started GET "/api/todos" for 127.0.0.1 at 2018-10-02 14:03:34 -0700
Processing by Api::TodosController#index as JSON
  [1m[36mTodolist Load (0.5ms)[0m  [1m[34mSELECT "todolists".* FROM "todolists"[0m
  ↳ app/controllers/api/todos_controller.rb:8
Completed 200 OK in 3ms (Views: 2.0ms | ActiveRecord: 0.5ms)


Started GET "/api/todos" for 127.0.0.1 at 2018-10-02 14:03:43 -0700
Processing by Api::TodosController#index as JSON
  [1m[36mTodolist Load (0.5ms)[0m  [1m[34mSELECT "todolists".* FROM "todolists"[0m
  ↳ app/controllers/api/todos_controller.rb:8
Completed 200 OK in 3ms (Views: 1.7ms | ActiveRecord: 0.5ms)


Started GET "/" for 127.0.0.1 at 2018-10-02 14:11:27 -0700
Processing by StaticPagesController#root as HTML
  Rendering static_pages/root.html within layouts/application
  Rendered static_pages/root.html within layouts/application (2.3ms)
Completed 200 OK in 1459ms (Views: 1456.0ms | ActiveRecord: 0.0ms)


Started GET "/" for 127.0.0.1 at 2018-10-02 14:11:30 -0700
Processing by StaticPagesController#root as HTML
  Rendering static_pages/root.html within layouts/application
  Rendered static_pages/root.html within layouts/application (0.5ms)
Completed 200 OK in 83ms (Views: 77.1ms | ActiveRecord: 0.0ms)


Started GET "/" for 127.0.0.1 at 2018-10-02 14:15:18 -0700
Processing by StaticPagesController#root as HTML
  Rendering static_pages/root.html within layouts/application
  Rendered static_pages/root.html within layouts/application (0.5ms)
Completed 200 OK in 1158ms (Views: 1155.6ms | ActiveRecord: 0.0ms)


Started GET "/api/todos" for 127.0.0.1 at 2018-10-02 14:15:25 -0700
Processing by Api::TodosController#index as JSON
  [1m[36mTodolist Load (1.4ms)[0m  [1m[34mSELECT "todolists".* FROM "todolists"[0m
  ↳ app/controllers/api/todos_controller.rb:8
Completed 200 OK in 6ms (Views: 3.7ms | ActiveRecord: 1.4ms)


Started GET "/" for 127.0.0.1 at 2018-10-02 14:16:27 -0700
Processing by StaticPagesController#root as HTML
  Rendering static_pages/root.html within layouts/application
  Rendered static_pages/root.html within layouts/application (0.4ms)
Completed 200 OK in 1458ms (Views: 1454.4ms | ActiveRecord: 0.0ms)


Started GET "/api/todos" for 127.0.0.1 at 2018-10-02 14:16:30 -0700
Processing by Api::TodosController#index as JSON
  [1m[36mTodolist Load (0.5ms)[0m  [1m[34mSELECT "todolists".* FROM "todolists"[0m
  ↳ app/controllers/api/todos_controller.rb:8
Completed 200 OK in 2ms (Views: 1.3ms | ActiveRecord: 0.5ms)


Started GET "/api/todos" for 127.0.0.1 at 2018-10-02 14:16:53 -0700
Processing by Api::TodosController#index as JSON
  [1m[36mTodolist Load (0.7ms)[0m  [1m[34mSELECT "todolists".* FROM "todolists"[0m
  ↳ app/controllers/api/todos_controller.rb:8
Completed 200 OK in 4ms (Views: 2.6ms | ActiveRecord: 0.7ms)


Started GET "/" for 127.0.0.1 at 2018-10-02 14:18:00 -0700
Processing by StaticPagesController#root as HTML
  Rendering static_pages/root.html within layouts/application
  Rendered static_pages/root.html within layouts/application (0.4ms)
Completed 200 OK in 977ms (Views: 972.4ms | ActiveRecord: 0.0ms)


Started GET "/api/todos" for 127.0.0.1 at 2018-10-02 14:18:04 -0700
Processing by Api::TodosController#index as JSON
  [1m[36mTodolist Load (0.4ms)[0m  [1m[34mSELECT "todolists".* FROM "todolists"[0m
  ↳ app/controllers/api/todos_controller.rb:8
Completed 200 OK in 3ms (Views: 2.0ms | ActiveRecord: 0.4ms)


Started GET "/" for 127.0.0.1 at 2018-10-02 14:19:31 -0700
Processing by StaticPagesController#root as HTML
  Rendering static_pages/root.html within layouts/application
  Rendered static_pages/root.html within layouts/application (0.4ms)
Completed 200 OK in 1159ms (Views: 1149.6ms | ActiveRecord: 0.0ms)


Started GET "/api/todos" for 127.0.0.1 at 2018-10-02 14:19:37 -0700
Processing by Api::TodosController#index as JSON
  [1m[36mTodolist Load (0.5ms)[0m  [1m[34mSELECT "todolists".* FROM "todolists"[0m
  ↳ app/controllers/api/todos_controller.rb:8
Completed 200 OK in 3ms (Views: 1.7ms | ActiveRecord: 0.5ms)


Started GET "/" for 127.0.0.1 at 2018-10-02 14:28:56 -0700
Processing by StaticPagesController#root as HTML
  Rendering static_pages/root.html within layouts/application
  Rendered static_pages/root.html within layouts/application (2.6ms)
Completed 200 OK in 1524ms (Views: 1504.3ms | ActiveRecord: 0.0ms)


Started GET "/" for 127.0.0.1 at 2018-10-02 14:29:14 -0700
Processing by StaticPagesController#root as HTML
  Rendering static_pages/root.html within layouts/application
  Rendered static_pages/root.html within layouts/application (0.5ms)
Completed 200 OK in 1269ms (Views: 1258.2ms | ActiveRecord: 0.0ms)


Started GET "/api/todos" for 127.0.0.1 at 2018-10-02 14:29:16 -0700
Processing by Api::TodosController#index as JSON
  [1m[36mTodolist Load (4.6ms)[0m  [1m[34mSELECT "todolists".* FROM "todolists"[0m
  ↳ app/controllers/api/todos_controller.rb:8
Completed 200 OK in 16ms (Views: 7.9ms | ActiveRecord: 4.6ms)


Started GET "/" for 127.0.0.1 at 2018-10-02 14:34:24 -0700
Processing by StaticPagesController#root as HTML
  Rendering static_pages/root.html within layouts/application
  Rendered static_pages/root.html within layouts/application (0.9ms)
Completed 200 OK in 980ms (Views: 971.3ms | ActiveRecord: 0.0ms)


Started GET "/" for 127.0.0.1 at 2018-10-02 14:34:45 -0700
Processing by StaticPagesController#root as HTML
  Rendering static_pages/root.html within layouts/application
  Rendered static_pages/root.html within layouts/application (0.6ms)
Completed 200 OK in 1215ms (Views: 1211.8ms | ActiveRecord: 0.0ms)


Started GET "/" for 127.0.0.1 at 2018-10-02 14:34:58 -0700
Processing by StaticPagesController#root as HTML
  Rendering static_pages/root.html within layouts/application
  Rendered static_pages/root.html within layouts/application (1.2ms)
Completed 200 OK in 1463ms (Views: 1460.6ms | ActiveRecord: 0.0ms)


Started GET "/" for 127.0.0.1 at 2018-10-02 14:35:06 -0700
Processing by StaticPagesController#root as HTML
  Rendering static_pages/root.html within layouts/application
  Rendered static_pages/root.html within layouts/application (0.4ms)
Completed 200 OK in 1211ms (Views: 1208.4ms | ActiveRecord: 0.0ms)


Started GET "/" for 127.0.0.1 at 2018-10-02 14:35:12 -0700
Processing by StaticPagesController#root as HTML
  Rendering static_pages/root.html within layouts/application
  Rendered static_pages/root.html within layouts/application (0.7ms)
Completed 200 OK in 1418ms (Views: 1415.7ms | ActiveRecord: 0.0ms)


Started GET "/api/todos" for 127.0.0.1 at 2018-10-02 14:35:14 -0700
Processing by Api::TodosController#index as JSON
  [1m[36mTodolist Load (0.8ms)[0m  [1m[34mSELECT "todolists".* FROM "todolists"[0m
  ↳ app/controllers/api/todos_controller.rb:8
Completed 200 OK in 4ms (Views: 3.0ms | ActiveRecord: 0.8ms)


Started GET "/" for 127.0.0.1 at 2018-10-02 14:44:01 -0700
Processing by StaticPagesController#root as HTML
  Rendering static_pages/root.html within layouts/application
  Rendered static_pages/root.html within layouts/application (0.5ms)
Completed 200 OK in 38ms (Views: 35.4ms | ActiveRecord: 0.0ms)


Started GET "/api/todos" for 127.0.0.1 at 2018-10-02 14:44:02 -0700
Processing by Api::TodosController#index as JSON
  [1m[36mTodolist Load (1.5ms)[0m  [1m[34mSELECT "todolists".* FROM "todolists"[0m
  ↳ app/controllers/api/todos_controller.rb:8
Completed 200 OK in 4ms (Views: 2.3ms | ActiveRecord: 1.5ms)


Started GET "/" for 127.0.0.1 at 2018-10-02 14:45:24 -0700
Processing by StaticPagesController#root as HTML
  Rendering static_pages/root.html within layouts/application
  Rendered static_pages/root.html within layouts/application (0.6ms)
Completed 200 OK in 1081ms (Views: 1069.4ms | ActiveRecord: 0.0ms)


Started GET "/" for 127.0.0.1 at 2018-10-02 14:45:25 -0700
Processing by StaticPagesController#root as HTML
  Rendering static_pages/root.html within layouts/application
  Rendered static_pages/root.html within layouts/application (0.5ms)
Completed 200 OK in 76ms (Views: 72.8ms | ActiveRecord: 0.0ms)


Started GET "/api/todos" for 127.0.0.1 at 2018-10-02 14:45:25 -0700
Processing by Api::TodosController#index as JSON
  [1m[36mTodolist Load (2.5ms)[0m  [1m[34mSELECT "todolists".* FROM "todolists"[0m
  ↳ app/controllers/api/todos_controller.rb:8
Completed 200 OK in 8ms (Views: 5.1ms | ActiveRecord: 2.5ms)


Started GET "/" for 127.0.0.1 at 2018-10-02 14:46:54 -0700
Processing by StaticPagesController#root as HTML
  Rendering static_pages/root.html within layouts/application
  Rendered static_pages/root.html within layouts/application (0.5ms)
Completed 200 OK in 119ms (Views: 101.4ms | ActiveRecord: 0.0ms)


Started GET "/api/todos" for 127.0.0.1 at 2018-10-02 14:46:54 -0700
Processing by Api::TodosController#index as JSON
  [1m[36mTodolist Load (0.8ms)[0m  [1m[34mSELECT "todolists".* FROM "todolists"[0m
  ↳ app/controllers/api/todos_controller.rb:8
Completed 200 OK in 4ms (Views: 2.6ms | ActiveRecord: 0.8ms)


Started GET "/" for 127.0.0.1 at 2018-10-02 15:03:03 -0700
Processing by StaticPagesController#root as HTML
  Rendering static_pages/root.html within layouts/application
  Rendered static_pages/root.html within layouts/application (1.4ms)
Completed 200 OK in 1385ms (Views: 1369.2ms | ActiveRecord: 0.0ms)


Started GET "/api/todos" for 127.0.0.1 at 2018-10-02 15:03:05 -0700
Processing by Api::TodosController#index as JSON
  [1m[36mTodolist Load (1.9ms)[0m  [1m[34mSELECT "todolists".* FROM "todolists"[0m
  ↳ app/controllers/api/todos_controller.rb:8
Completed 200 OK in 12ms (Views: 10.0ms | ActiveRecord: 1.9ms)


Started GET "/" for 127.0.0.1 at 2018-10-02 15:05:10 -0700
Processing by StaticPagesController#root as HTML
  Rendering static_pages/root.html within layouts/application
  Rendered static_pages/root.html within layouts/application (0.5ms)
Completed 200 OK in 1493ms (Views: 1481.2ms | ActiveRecord: 0.0ms)


Started GET "/api/todos" for 127.0.0.1 at 2018-10-02 15:05:12 -0700
Processing by Api::TodosController#index as JSON
  [1m[36mTodolist Load (0.7ms)[0m  [1m[34mSELECT "todolists".* FROM "todolists"[0m
  ↳ app/controllers/api/todos_controller.rb:8
Completed 200 OK in 3ms (Views: 1.9ms | ActiveRecord: 0.7ms)


Started POST "/api/todos" for 127.0.0.1 at 2018-10-02 15:05:19 -0700
Processing by Api::TodosController#create as JSON
  Parameters: {"todo"=>{"id"=>"1538517918927", "done"=>"false", "title"=>"blah", "body"=>"hope this works"}}
Unpermitted parameter: :id
  [1m[35m (0.2ms)[0m  [1m[35mBEGIN[0m
  ↳ app/controllers/api/todos_controller.rb:13
  [1m[36mTodolist Create (18.5ms)[0m  [1m[32mINSERT INTO "todolists" ("title", "body", "done", "created_at", "updated_at") VALUES ($1, $2, $3, $4, $5) RETURNING "id"[0m  [["title", "blah"], ["body", "hope this works"], ["done", false], ["created_at", "2018-10-02 22:05:19.037370"], ["updated_at", "2018-10-02 22:05:19.037370"]]
  ↳ app/controllers/api/todos_controller.rb:13
  [1m[35m (54.9ms)[0m  [1m[35mCOMMIT[0m
  ↳ app/controllers/api/todos_controller.rb:13
Completed 200 OK in 81ms (Views: 0.8ms | ActiveRecord: 73.6ms)


Started GET "/" for 127.0.0.1 at 2018-10-02 15:05:52 -0700
Processing by StaticPagesController#root as HTML
  Rendering static_pages/root.html within layouts/application
  Rendered static_pages/root.html within layouts/application (0.3ms)
Completed 200 OK in 47ms (Views: 44.5ms | ActiveRecord: 0.0ms)


Started GET "/api/todos" for 127.0.0.1 at 2018-10-02 15:05:53 -0700
Processing by Api::TodosController#index as JSON
  [1m[36mTodolist Load (0.6ms)[0m  [1m[34mSELECT "todolists".* FROM "todolists"[0m
  ↳ app/controllers/api/todos_controller.rb:8
Completed 200 OK in 4ms (Views: 2.9ms | ActiveRecord: 0.6ms)


Started POST "/api/todos" for 127.0.0.1 at 2018-10-02 15:17:32 -0700
Processing by Api::TodosController#create as JSON
  Parameters: {"todo"=>{"id"=>"1538518652067", "done"=>"false", "title"=>"blah", "body"=>"test test"}}
Unpermitted parameter: :id
  [1m[35m (0.2ms)[0m  [1m[35mBEGIN[0m
  ↳ app/controllers/api/todos_controller.rb:13
  [1m[36mTodolist Create (1.5ms)[0m  [1m[32mINSERT INTO "todolists" ("title", "body", "done", "created_at", "updated_at") VALUES ($1, $2, $3, $4, $5) RETURNING "id"[0m  [["title", "blah"], ["body", "test test"], ["done", false], ["created_at", "2018-10-02 22:17:32.191678"], ["updated_at", "2018-10-02 22:17:32.191678"]]
  ↳ app/controllers/api/todos_controller.rb:13
  [1m[35m (26.4ms)[0m  [1m[35mCOMMIT[0m
  ↳ app/controllers/api/todos_controller.rb:13
Completed 200 OK in 44ms (Views: 2.9ms | ActiveRecord: 28.2ms)


Started GET "/" for 127.0.0.1 at 2018-10-02 15:18:52 -0700
Processing by StaticPagesController#root as HTML
  Rendering static_pages/root.html within layouts/application
  Rendered static_pages/root.html within layouts/application (1.4ms)
Completed 200 OK in 1230ms (Views: 1212.5ms | ActiveRecord: 0.0ms)


Started GET "/api/todos" for 127.0.0.1 at 2018-10-02 15:18:55 -0700
Processing by Api::TodosController#index as JSON
  [1m[36mTodolist Load (1.7ms)[0m  [1m[34mSELECT "todolists".* FROM "todolists"[0m
  ↳ app/controllers/api/todos_controller.rb:8
Completed 200 OK in 13ms (Views: 10.3ms | ActiveRecord: 1.7ms)


Started POST "/api/todos" for 127.0.0.1 at 2018-10-02 15:19:00 -0700
Processing by Api::TodosController#create as JSON
  Parameters: {"todo"=>{"id"=>"1538518740665", "done"=>"false", "title"=>"test", "body"=>"test again blah"}}
Unpermitted parameter: :id
  [1m[35m (0.3ms)[0m  [1m[35mBEGIN[0m
  ↳ app/controllers/api/todos_controller.rb:13
  [1m[36mTodolist Create (1.3ms)[0m  [1m[32mINSERT INTO "todolists" ("title", "body", "done", "created_at", "updated_at") VALUES ($1, $2, $3, $4, $5) RETURNING "id"[0m  [["title", "test"], ["body", "test again blah"], ["done", false], ["created_at", "2018-10-02 22:19:00.678697"], ["updated_at", "2018-10-02 22:19:00.678697"]]
  ↳ app/controllers/api/todos_controller.rb:13
  [1m[35m (1.1ms)[0m  [1m[35mCOMMIT[0m
  ↳ app/controllers/api/todos_controller.rb:13
Completed 200 OK in 10ms (Views: 0.4ms | ActiveRecord: 2.7ms)


Started GET "/" for 127.0.0.1 at 2018-10-02 15:19:53 -0700
Processing by StaticPagesController#root as HTML
  Rendering static_pages/root.html within layouts/application
  Rendered static_pages/root.html within layouts/application (0.4ms)
Completed 200 OK in 996ms (Views: 986.6ms | ActiveRecord: 0.0ms)


Started GET "/" for 127.0.0.1 at 2018-10-02 15:20:35 -0700
Processing by StaticPagesController#root as HTML
  Rendering static_pages/root.html within layouts/application
  Rendered static_pages/root.html within layouts/application (0.8ms)
Completed 200 OK in 702ms (Views: 699.3ms | ActiveRecord: 0.0ms)


Started GET "/api/todos" for 127.0.0.1 at 2018-10-02 15:20:36 -0700
Processing by Api::TodosController#index as JSON
  [1m[36mTodolist Load (0.8ms)[0m  [1m[34mSELECT "todolists".* FROM "todolists"[0m
  ↳ app/controllers/api/todos_controller.rb:8
Completed 200 OK in 6ms (Views: 4.1ms | ActiveRecord: 0.8ms)


Started POST "/api/todos" for 127.0.0.1 at 2018-10-02 15:20:38 -0700
Processing by Api::TodosController#create as JSON
  Parameters: {"todo"=>{"id"=>"1538518838978", "done"=>"false", "title"=>"asdfds", "body"=>"fsafasdf"}}
Unpermitted parameter: :id
  [1m[35m (0.7ms)[0m  [1m[35mBEGIN[0m
  ↳ app/controllers/api/todos_controller.rb:13
  [1m[36mTodolist Create (1.0ms)[0m  [1m[32mINSERT INTO "todolists" ("title", "body", "done", "created_at", "updated_at") VALUES ($1, $2, $3, $4, $5) RETURNING "id"[0m  [["title", "asdfds"], ["body", "fsafasdf"], ["done", false], ["created_at", "2018-10-02 22:20:38.990163"], ["updated_at", "2018-10-02 22:20:38.990163"]]
  ↳ app/controllers/api/todos_controller.rb:13
  [1m[35m (21.0ms)[0m  [1m[35mCOMMIT[0m
  ↳ app/controllers/api/todos_controller.rb:13
Completed 200 OK in 28ms (Views: 0.5ms | ActiveRecord: 22.6ms)


Started GET "/" for 127.0.0.1 at 2018-10-02 15:21:45 -0700
Processing by StaticPagesController#root as HTML
  Rendering static_pages/root.html within layouts/application
  Rendered static_pages/root.html within layouts/application (1.2ms)
Completed 200 OK in 1209ms (Views: 1199.9ms | ActiveRecord: 0.0ms)


Started GET "/api/todos" for 127.0.0.1 at 2018-10-02 15:21:47 -0700
Processing by Api::TodosController#index as JSON
  [1m[36mTodolist Load (1.0ms)[0m  [1m[34mSELECT "todolists".* FROM "todolists"[0m
  ↳ app/controllers/api/todos_controller.rb:8
Completed 200 OK in 6ms (Views: 5.0ms | ActiveRecord: 1.0ms)


Started POST "/api/todos" for 127.0.0.1 at 2018-10-02 15:21:49 -0700
Processing by Api::TodosController#create as JSON
  Parameters: {"todo"=>{"id"=>"1538518909799", "done"=>"false", "title"=>"sadfsadf", "body"=>"asdfsadf"}}
Unpermitted parameter: :id
  [1m[35m (0.3ms)[0m  [1m[35mBEGIN[0m
  ↳ app/controllers/api/todos_controller.rb:13
  [1m[36mTodolist Create (0.7ms)[0m  [1m[32mINSERT INTO "todolists" ("title", "body", "done", "created_at", "updated_at") VALUES ($1, $2, $3, $4, $5) RETURNING "id"[0m  [["title", "sadfsadf"], ["body", "asdfsadf"], ["done", false], ["created_at", "2018-10-02 22:21:49.812329"], ["updated_at", "2018-10-02 22:21:49.812329"]]
  ↳ app/controllers/api/todos_controller.rb:13
  [1m[35m (0.5ms)[0m  [1m[35mCOMMIT[0m
  ↳ app/controllers/api/todos_controller.rb:13
Completed 200 OK in 7ms (Views: 0.4ms | ActiveRecord: 1.5ms)


Started GET "/" for 127.0.0.1 at 2018-10-02 15:22:36 -0700
Processing by StaticPagesController#root as HTML
  Rendering static_pages/root.html within layouts/application
  Rendered static_pages/root.html within layouts/application (0.4ms)
Completed 200 OK in 53ms (Views: 49.7ms | ActiveRecord: 0.0ms)


Started GET "/api/todos" for 127.0.0.1 at 2018-10-02 15:22:37 -0700
Processing by Api::TodosController#index as JSON
  [1m[36mTodolist Load (0.8ms)[0m  [1m[34mSELECT "todolists".* FROM "todolists"[0m
  ↳ app/controllers/api/todos_controller.rb:8
Completed 200 OK in 8ms (Views: 6.9ms | ActiveRecord: 0.8ms)


Started POST "/api/todos" for 127.0.0.1 at 2018-10-02 15:22:41 -0700
Processing by Api::TodosController#create as JSON
  Parameters: {"todo"=>{"id"=>"1538518961283", "done"=>"false", "title"=>"", "body"=>""}}
Unpermitted parameter: :id
  [1m[35m (0.2ms)[0m  [1m[35mBEGIN[0m
  ↳ app/controllers/api/todos_controller.rb:13
  [1m[35m (0.8ms)[0m  [1m[31mROLLBACK[0m
  ↳ app/controllers/api/todos_controller.rb:13
Completed 422 Unprocessable Entity in 210ms (Views: 0.4ms | ActiveRecord: 1.0ms)


Started GET "/" for 127.0.0.1 at 2018-10-02 15:23:41 -0700
Processing by StaticPagesController#root as HTML
  Rendering static_pages/root.html within layouts/application
  Rendered static_pages/root.html within layouts/application (0.3ms)
Completed 200 OK in 1106ms (Views: 1097.2ms | ActiveRecord: 0.0ms)


Started GET "/api/todos" for 127.0.0.1 at 2018-10-02 15:23:43 -0700
Processing by Api::TodosController#index as JSON
  [1m[36mTodolist Load (0.6ms)[0m  [1m[34mSELECT "todolists".* FROM "todolists"[0m
  ↳ app/controllers/api/todos_controller.rb:8
Completed 200 OK in 6ms (Views: 4.7ms | ActiveRecord: 0.6ms)


Started POST "/api/todos" for 127.0.0.1 at 2018-10-02 15:23:44 -0700
Processing by Api::TodosController#create as JSON
  Parameters: {"todo"=>{"id"=>"1538519024886", "done"=>"false", "title"=>"", "body"=>""}}
Unpermitted parameter: :id
  [1m[35m (0.2ms)[0m  [1m[35mBEGIN[0m
  ↳ app/controllers/api/todos_controller.rb:13
  [1m[35m (0.2ms)[0m  [1m[31mROLLBACK[0m
  ↳ app/controllers/api/todos_controller.rb:13
Completed 422 Unprocessable Entity in 6ms (Views: 0.2ms | ActiveRecord: 0.4ms)


Started GET "/" for 127.0.0.1 at 2018-10-02 15:31:26 -0700
Processing by StaticPagesController#root as HTML
  Rendering static_pages/root.html within layouts/application
  Rendered static_pages/root.html within layouts/application (2.0ms)
Completed 200 OK in 1279ms (Views: 1260.2ms | ActiveRecord: 0.0ms)


Started GET "/api/todos" for 127.0.0.1 at 2018-10-02 15:31:28 -0700
Processing by Api::TodosController#index as JSON
  [1m[36mTodolist Load (3.9ms)[0m  [1m[34mSELECT "todolists".* FROM "todolists"[0m
  ↳ app/controllers/api/todos_controller.rb:8
Completed 200 OK in 14ms (Views: 9.1ms | ActiveRecord: 3.9ms)


Started POST "/api/todos" for 127.0.0.1 at 2018-10-02 15:31:29 -0700
Processing by Api::TodosController#create as JSON
  Parameters: {"todo"=>{"id"=>"1538519489472", "done"=>"false", "title"=>"", "body"=>""}}
Unpermitted parameter: :id
  [1m[35m (0.3ms)[0m  [1m[35mBEGIN[0m
  ↳ app/controllers/api/todos_controller.rb:13
  [1m[35m (1.1ms)[0m  [1m[31mROLLBACK[0m
  ↳ app/controllers/api/todos_controller.rb:13
Completed 422 Unprocessable Entity in 14ms (Views: 0.3ms | ActiveRecord: 1.4ms)


Started GET "/" for 127.0.0.1 at 2018-10-02 15:32:21 -0700
Processing by StaticPagesController#root as HTML
  Rendering static_pages/root.html within layouts/application
  Rendered static_pages/root.html within layouts/application (0.5ms)
Completed 200 OK in 1620ms (Views: 1608.7ms | ActiveRecord: 0.0ms)


Started GET "/api/todos" for 127.0.0.1 at 2018-10-02 15:32:24 -0700
Processing by Api::TodosController#index as JSON
  [1m[36mTodolist Load (1.5ms)[0m  [1m[34mSELECT "todolists".* FROM "todolists"[0m
  ↳ app/controllers/api/todos_controller.rb:8
Completed 200 OK in 5ms (Views: 3.4ms | ActiveRecord: 1.5ms)


Started POST "/api/todos" for 127.0.0.1 at 2018-10-02 15:32:25 -0700
Processing by Api::TodosController#create as JSON
  Parameters: {"todo"=>{"id"=>"1538519545163", "done"=>"false", "title"=>"", "body"=>""}}
Unpermitted parameter: :id
  [1m[35m (0.3ms)[0m  [1m[35mBEGIN[0m
  ↳ app/controllers/api/todos_controller.rb:13
  [1m[35m (0.3ms)[0m  [1m[31mROLLBACK[0m
  ↳ app/controllers/api/todos_controller.rb:13
Completed 422 Unprocessable Entity in 6ms (Views: 0.3ms | ActiveRecord: 0.5ms)


Started GET "/" for 127.0.0.1 at 2018-10-02 16:11:50 -0700
Processing by StaticPagesController#root as HTML
  Rendering static_pages/root.html within layouts/application
  Rendered static_pages/root.html within layouts/application (2.7ms)
Completed 200 OK in 1327ms (Views: 1298.7ms | ActiveRecord: 0.0ms)


Started GET "/api/todos" for 127.0.0.1 at 2018-10-02 16:11:52 -0700
Processing by Api::TodosController#index as JSON
  [1m[36mTodolist Load (2.2ms)[0m  [1m[34mSELECT "todolists".* FROM "todolists"[0m
  ↳ app/controllers/api/todos_controller.rb:8
Completed 200 OK in 20ms (Views: 16.8ms | ActiveRecord: 2.2ms)


Started GET "/" for 127.0.0.1 at 2018-10-02 16:35:01 -0700
Processing by StaticPagesController#root as HTML
  Rendering static_pages/root.html within layouts/application
  Rendered static_pages/root.html within layouts/application (0.9ms)
Completed 200 OK in 816ms (Views: 799.0ms | ActiveRecord: 0.0ms)


Started GET "/" for 127.0.0.1 at 2018-10-02 16:36:11 -0700
Processing by StaticPagesController#root as HTML
  Rendering static_pages/root.html within layouts/application
  Rendered static_pages/root.html within layouts/application (0.5ms)
Completed 200 OK in 712ms (Views: 697.4ms | ActiveRecord: 0.0ms)


Started GET "/api/todos" for 127.0.0.1 at 2018-10-02 16:36:12 -0700
Processing by Api::TodosController#index as JSON
  [1m[36mTodolist Load (3.8ms)[0m  [1m[34mSELECT "todolists".* FROM "todolists"[0m
  ↳ app/controllers/api/todos_controller.rb:8
Completed 200 OK in 12ms (Views: 7.9ms | ActiveRecord: 3.8ms)


Started GET "/" for 127.0.0.1 at 2018-10-02 16:36:38 -0700
Processing by StaticPagesController#root as HTML
  Rendering static_pages/root.html within layouts/application
  Rendered static_pages/root.html within layouts/application (0.6ms)
Completed 200 OK in 741ms (Views: 722.2ms | ActiveRecord: 0.0ms)


Started GET "/api/todos" for 127.0.0.1 at 2018-10-02 16:36:40 -0700
Processing by Api::TodosController#index as JSON
  [1m[36mTodolist Load (0.7ms)[0m  [1m[34mSELECT "todolists".* FROM "todolists"[0m
  ↳ app/controllers/api/todos_controller.rb:8
Completed 200 OK in 5ms (Views: 3.5ms | ActiveRecord: 0.7ms)


Started GET "/" for 127.0.0.1 at 2018-10-02 16:38:20 -0700
Processing by StaticPagesController#root as HTML
  Rendering static_pages/root.html within layouts/application
  Rendered static_pages/root.html within layouts/application (0.4ms)
Completed 200 OK in 740ms (Views: 730.0ms | ActiveRecord: 0.0ms)


Started GET "/api/todos" for 127.0.0.1 at 2018-10-02 16:38:21 -0700
Processing by Api::TodosController#index as JSON
  [1m[36mTodolist Load (0.7ms)[0m  [1m[34mSELECT "todolists".* FROM "todolists"[0m
  ↳ app/controllers/api/todos_controller.rb:8
Completed 200 OK in 5ms (Views: 3.8ms | ActiveRecord: 0.7ms)


Started GET "/" for 127.0.0.1 at 2018-10-02 16:38:29 -0700
Processing by StaticPagesController#root as HTML
  Rendering static_pages/root.html within layouts/application
  Rendered static_pages/root.html within layouts/application (0.5ms)
Completed 200 OK in 71ms (Views: 69.2ms | ActiveRecord: 0.0ms)


Started GET "/api/todos" for 127.0.0.1 at 2018-10-02 16:38:30 -0700
Processing by Api::TodosController#index as JSON
  [1m[36mTodolist Load (0.6ms)[0m  [1m[34mSELECT "todolists".* FROM "todolists"[0m
  ↳ app/controllers/api/todos_controller.rb:8
Completed 200 OK in 4ms (Views: 3.4ms | ActiveRecord: 0.6ms)


Started POST "/api/todos" for 127.0.0.1 at 2018-10-02 16:38:50 -0700
Processing by Api::TodosController#create as JSON
  Parameters: {"todo"=>{"id"=>"1538523530849", "done"=>"false", "title"=>"asdf", "body"=>"asdf"}}
Unpermitted parameter: :id
  [1m[35m (0.3ms)[0m  [1m[35mBEGIN[0m
  ↳ app/controllers/api/todos_controller.rb:13
  [1m[36mTodolist Create (1.6ms)[0m  [1m[32mINSERT INTO "todolists" ("title", "body", "done", "created_at", "updated_at") VALUES ($1, $2, $3, $4, $5) RETURNING "id"[0m  [["title", "asdf"], ["body", "asdf"], ["done", false], ["created_at", "2018-10-02 23:38:50.880611"], ["updated_at", "2018-10-02 23:38:50.880611"]]
  ↳ app/controllers/api/todos_controller.rb:13
  [1m[35m (49.2ms)[0m  [1m[35mCOMMIT[0m
  ↳ app/controllers/api/todos_controller.rb:13
Completed 200 OK in 58ms (Views: 0.6ms | ActiveRecord: 51.0ms)


Started GET "/" for 127.0.0.1 at 2018-10-02 16:39:46 -0700
Processing by StaticPagesController#root as HTML
  Rendering static_pages/root.html within layouts/application
  Rendered static_pages/root.html within layouts/application (0.4ms)
Completed 200 OK in 885ms (Views: 844.1ms | ActiveRecord: 0.0ms)


Started GET "/api/todos" for 127.0.0.1 at 2018-10-02 16:39:47 -0700
Processing by Api::TodosController#index as JSON
  [1m[36mTodolist Load (0.7ms)[0m  [1m[34mSELECT "todolists".* FROM "todolists"[0m
  ↳ app/controllers/api/todos_controller.rb:8
Completed 200 OK in 8ms (Views: 6.6ms | ActiveRecord: 0.7ms)


Started GET "/" for 127.0.0.1 at 2018-10-02 16:57:14 -0700
Processing by StaticPagesController#root as HTML
  Rendering static_pages/root.html within layouts/application
  Rendered static_pages/root.html within layouts/application (0.4ms)
Completed 200 OK in 1002ms (Views: 995.4ms | ActiveRecord: 0.0ms)


Started GET "/api/todos" for 127.0.0.1 at 2018-10-02 16:57:16 -0700
Processing by Api::TodosController#index as JSON
  [1m[36mTodolist Load (1.7ms)[0m  [1m[34mSELECT "todolists".* FROM "todolists"[0m
  ↳ app/controllers/api/todos_controller.rb:8
Completed 200 OK in 151ms (Views: 35.1ms | ActiveRecord: 24.3ms)


Started GET "/" for 127.0.0.1 at 2018-10-02 16:59:58 -0700
Processing by StaticPagesController#root as HTML
  Rendering static_pages/root.html within layouts/application
  Rendered static_pages/root.html within layouts/application (0.7ms)
Completed 200 OK in 1033ms (Views: 1025.6ms | ActiveRecord: 0.0ms)


Started GET "/api/todos" for 127.0.0.1 at 2018-10-02 17:00:00 -0700
Processing by Api::TodosController#index as JSON
  [1m[36mTodolist Load (2.6ms)[0m  [1m[34mSELECT "todolists".* FROM "todolists"[0m
  ↳ app/controllers/api/todos_controller.rb:8
Completed 200 OK in 10ms (Views: 6.5ms | ActiveRecord: 2.6ms)


Started GET "/" for 127.0.0.1 at 2018-10-02 17:01:25 -0700
Processing by StaticPagesController#root as HTML
  Rendering static_pages/root.html within layouts/application
  Rendered static_pages/root.html within layouts/application (1.2ms)
Completed 200 OK in 1234ms (Views: 1218.2ms | ActiveRecord: 0.0ms)


Started GET "/api/todos" for 127.0.0.1 at 2018-10-02 17:01:27 -0700
Processing by Api::TodosController#index as JSON
  [1m[36mTodolist Load (1.0ms)[0m  [1m[34mSELECT "todolists".* FROM "todolists"[0m
  ↳ app/controllers/api/todos_controller.rb:8
Completed 200 OK in 9ms (Views: 6.9ms | ActiveRecord: 1.0ms)


Started GET "/" for 127.0.0.1 at 2018-10-02 17:03:19 -0700
Processing by StaticPagesController#root as HTML
  Rendering static_pages/root.html within layouts/application
  Rendered static_pages/root.html within layouts/application (1.6ms)
Completed 200 OK in 335ms (Views: 316.4ms | ActiveRecord: 0.0ms)


Started GET "/api/todos" for 127.0.0.1 at 2018-10-02 17:03:21 -0700
Processing by Api::TodosController#index as JSON
  [1m[36mTodolist Load (1.0ms)[0m  [1m[34mSELECT "todolists".* FROM "todolists"[0m
  ↳ app/controllers/api/todos_controller.rb:8
Completed 200 OK in 7ms (Views: 5.6ms | ActiveRecord: 1.0ms)


Started PATCH "/api/todos/3" for 127.0.0.1 at 2018-10-02 17:04:39 -0700
Processing by Api::TodosController#update as JSON
  Parameters: {"id"=>"3"}
  [1m[36mTodolist Load (0.8ms)[0m  [1m[34mSELECT  "todolists".* FROM "todolists" WHERE "todolists"."id" = $1 LIMIT $2[0m  [["id", 3], ["LIMIT", 1]]
  ↳ app/controllers/api/todos_controller.rb:21
Completed 400 Bad Request in 34ms (ActiveRecord: 1.2ms)



ActionController::ParameterMissing - param is missing or the value is empty: todo:
  app/controllers/api/todos_controller.rb:39:in `todo_params'
  app/controllers/api/todos_controller.rb:22:in `update'

Started GET "/" for 127.0.0.1 at 2018-10-02 17:05:47 -0700
Processing by StaticPagesController#root as HTML
  Rendering static_pages/root.html within layouts/application
  Rendered static_pages/root.html within layouts/application (0.8ms)
Completed 200 OK in 1818ms (Views: 1810.5ms | ActiveRecord: 0.0ms)


Started GET "/api/todos" for 127.0.0.1 at 2018-10-02 17:05:49 -0700
Processing by Api::TodosController#index as JSON
  [1m[36mTodolist Load (0.9ms)[0m  [1m[34mSELECT "todolists".* FROM "todolists"[0m
  ↳ app/controllers/api/todos_controller.rb:8
Completed 200 OK in 8ms (Views: 5.7ms | ActiveRecord: 0.9ms)


Started DELETE "/api/todos/undefined" for 127.0.0.1 at 2018-10-02 17:05:51 -0700
Processing by Api::TodosController#destroy as JSON
  Parameters: {"id"=>"undefined"}
  [1m[36mTodolist Load (1.6ms)[0m  [1m[34mSELECT  "todolists".* FROM "todolists" WHERE "todolists"."id" = $1 LIMIT $2[0m  [["id", 0], ["LIMIT", 1]]
  ↳ app/controllers/api/todos_controller.rb:30
Completed 500 Internal Server Error in 7ms (ActiveRecord: 1.6ms)



NoMethodError - undefined method `id' for nil:NilClass:
  app/controllers/api/todos_controller.rb:31:in `destroy'

Started GET "/" for 127.0.0.1 at 2018-10-02 17:06:56 -0700
Processing by StaticPagesController#root as HTML
  Rendering static_pages/root.html within layouts/application
  Rendered static_pages/root.html within layouts/application (0.5ms)
Completed 200 OK in 773ms (Views: 763.0ms | ActiveRecord: 0.0ms)


Started GET "/api/todos" for 127.0.0.1 at 2018-10-02 17:06:57 -0700
Processing by Api::TodosController#index as JSON
  [1m[36mTodolist Load (0.8ms)[0m  [1m[34mSELECT "todolists".* FROM "todolists"[0m
  ↳ app/controllers/api/todos_controller.rb:8
Completed 200 OK in 8ms (Views: 6.8ms | ActiveRecord: 0.8ms)


Started DELETE "/api/todos/3" for 127.0.0.1 at 2018-10-02 17:06:59 -0700
Processing by Api::TodosController#destroy as JSON
  Parameters: {"id"=>"3"}
  [1m[36mTodolist Load (0.8ms)[0m  [1m[34mSELECT  "todolists".* FROM "todolists" WHERE "todolists"."id" = $1 LIMIT $2[0m  [["id", 3], ["LIMIT", 1]]
  ↳ app/controllers/api/todos_controller.rb:30
  [1m[36mTodolist Destroy (64.8ms)[0m  [1m[31mDELETE FROM "todolists" WHERE "todolists"."id" = $1[0m  [["id", 3]]
  ↳ app/controllers/api/todos_controller.rb:32
Completed 200 OK in 69ms (Views: 0.2ms | ActiveRecord: 65.5ms)


Started DELETE "/api/todos/4" for 127.0.0.1 at 2018-10-02 17:07:07 -0700
Processing by Api::TodosController#destroy as JSON
  Parameters: {"id"=>"4"}
  [1m[36mTodolist Load (0.6ms)[0m  [1m[34mSELECT  "todolists".* FROM "todolists" WHERE "todolists"."id" = $1 LIMIT $2[0m  [["id", 4], ["LIMIT", 1]]
  ↳ app/controllers/api/todos_controller.rb:30
  [1m[36mTodolist Destroy (1.0ms)[0m  [1m[31mDELETE FROM "todolists" WHERE "todolists"."id" = $1[0m  [["id", 4]]
  ↳ app/controllers/api/todos_controller.rb:32
Completed 200 OK in 4ms (Views: 0.2ms | ActiveRecord: 1.6ms)


Started DELETE "/api/todos/5" for 127.0.0.1 at 2018-10-02 17:07:08 -0700
Processing by Api::TodosController#destroy as JSON
  Parameters: {"id"=>"5"}
  [1m[36mTodolist Load (1.2ms)[0m  [1m[34mSELECT  "todolists".* FROM "todolists" WHERE "todolists"."id" = $1 LIMIT $2[0m  [["id", 5], ["LIMIT", 1]]
  ↳ app/controllers/api/todos_controller.rb:30
  [1m[36mTodolist Destroy (1.1ms)[0m  [1m[31mDELETE FROM "todolists" WHERE "todolists"."id" = $1[0m  [["id", 5]]
  ↳ app/controllers/api/todos_controller.rb:32
Completed 200 OK in 5ms (Views: 0.2ms | ActiveRecord: 2.3ms)


Started GET "/" for 127.0.0.1 at 2018-10-02 17:07:09 -0700
Processing by StaticPagesController#root as HTML
  Rendering static_pages/root.html within layouts/application
  Rendered static_pages/root.html within layouts/application (0.5ms)
Completed 200 OK in 96ms (Views: 92.3ms | ActiveRecord: 0.0ms)


Started GET "/api/todos" for 127.0.0.1 at 2018-10-02 17:07:10 -0700
Processing by Api::TodosController#index as JSON
  [1m[36mTodolist Load (0.7ms)[0m  [1m[34mSELECT "todolists".* FROM "todolists"[0m
  ↳ app/controllers/api/todos_controller.rb:8
Completed 200 OK in 4ms (Views: 3.3ms | ActiveRecord: 0.7ms)


Started PATCH "/api/todos/6" for 127.0.0.1 at 2018-10-02 17:07:13 -0700
Processing by Api::TodosController#update as JSON
  Parameters: {"id"=>"6"}
  [1m[36mTodolist Load (0.6ms)[0m  [1m[34mSELECT  "todolists".* FROM "todolists" WHERE "todolists"."id" = $1 LIMIT $2[0m  [["id", 6], ["LIMIT", 1]]
  ↳ app/controllers/api/todos_controller.rb:21
Completed 400 Bad Request in 5ms (ActiveRecord: 0.6ms)



ActionController::ParameterMissing - param is missing or the value is empty: todo:
  app/controllers/api/todos_controller.rb:39:in `todo_params'
  app/controllers/api/todos_controller.rb:22:in `update'

Started PATCH "/api/todos/7" for 127.0.0.1 at 2018-10-02 17:07:14 -0700
Processing by Api::TodosController#update as JSON
  Parameters: {"id"=>"7"}
  [1m[36mTodolist Load (0.4ms)[0m  [1m[34mSELECT  "todolists".* FROM "todolists" WHERE "todolists"."id" = $1 LIMIT $2[0m  [["id", 7], ["LIMIT", 1]]
  ↳ app/controllers/api/todos_controller.rb:21
Completed 400 Bad Request in 4ms (ActiveRecord: 0.4ms)



ActionController::ParameterMissing - param is missing or the value is empty: todo:
  app/controllers/api/todos_controller.rb:39:in `todo_params'
  app/controllers/api/todos_controller.rb:22:in `update'

Started PATCH "/api/todos/6" for 127.0.0.1 at 2018-10-02 17:07:15 -0700
Processing by Api::TodosController#update as JSON
  Parameters: {"id"=>"6"}
  [1m[36mTodolist Load (0.5ms)[0m  [1m[34mSELECT  "todolists".* FROM "todolists" WHERE "todolists"."id" = $1 LIMIT $2[0m  [["id", 6], ["LIMIT", 1]]
  ↳ app/controllers/api/todos_controller.rb:21
Completed 400 Bad Request in 4ms (ActiveRecord: 0.5ms)



ActionController::ParameterMissing - param is missing or the value is empty: todo:
  app/controllers/api/todos_controller.rb:39:in `todo_params'
  app/controllers/api/todos_controller.rb:22:in `update'

Started GET "/" for 127.0.0.1 at 2018-10-02 17:11:42 -0700
Processing by StaticPagesController#root as HTML
  Rendering static_pages/root.html within layouts/application
  Rendered static_pages/root.html within layouts/application (0.9ms)
Completed 200 OK in 1674ms (Views: 1656.0ms | ActiveRecord: 0.0ms)


Started GET "/api/todos" for 127.0.0.1 at 2018-10-02 17:11:44 -0700
Processing by Api::TodosController#index as JSON
  [1m[36mTodolist Load (4.0ms)[0m  [1m[34mSELECT "todolists".* FROM "todolists"[0m
  ↳ app/controllers/api/todos_controller.rb:8
Completed 200 OK in 15ms (Views: 10.0ms | ActiveRecord: 4.0ms)


Started PATCH "/api/todos/6" for 127.0.0.1 at 2018-10-02 17:11:46 -0700
Processing by Api::TodosController#update as JSON
  Parameters: {"id"=>"6", "todo"=>{"done"=>"false"}}
  [1m[36mTodolist Load (2.4ms)[0m  [1m[34mSELECT  "todolists".* FROM "todolists" WHERE "todolists"."id" = $1 LIMIT $2[0m  [["id", 6], ["LIMIT", 1]]
  ↳ app/controllers/api/todos_controller.rb:21
  [1m[35m (0.3ms)[0m  [1m[35mBEGIN[0m
  ↳ app/controllers/api/todos_controller.rb:22
  [1m[35m (0.2ms)[0m  [1m[35mCOMMIT[0m
  ↳ app/controllers/api/todos_controller.rb:22
Completed 200 OK in 12ms (Views: 0.4ms | ActiveRecord: 2.9ms)


Started PATCH "/api/todos/6" for 127.0.0.1 at 2018-10-02 17:11:49 -0700
Processing by Api::TodosController#update as JSON
  Parameters: {"id"=>"6", "todo"=>{"done"=>"true"}}
  [1m[36mTodolist Load (1.0ms)[0m  [1m[34mSELECT  "todolists".* FROM "todolists" WHERE "todolists"."id" = $1 LIMIT $2[0m  [["id", 6], ["LIMIT", 1]]
  ↳ app/controllers/api/todos_controller.rb:21
  [1m[35m (0.2ms)[0m  [1m[35mBEGIN[0m
  ↳ app/controllers/api/todos_controller.rb:22
  [1m[36mTodolist Update (15.4ms)[0m  [1m[33mUPDATE "todolists" SET "done" = $1, "updated_at" = $2 WHERE "todolists"."id" = $3[0m  [["done", true], ["updated_at", "2018-10-03 00:11:49.099560"], ["id", 6]]
  ↳ app/controllers/api/todos_controller.rb:22
  [1m[35m (38.2ms)[0m  [1m[35mCOMMIT[0m
  ↳ app/controllers/api/todos_controller.rb:22
Completed 200 OK in 62ms (Views: 0.6ms | ActiveRecord: 54.8ms)


Started PATCH "/api/todos/6" for 127.0.0.1 at 2018-10-02 17:11:49 -0700
Processing by Api::TodosController#update as JSON
  Parameters: {"id"=>"6", "todo"=>{"done"=>"false"}}
  [1m[36mTodolist Load (0.9ms)[0m  [1m[34mSELECT  "todolists".* FROM "todolists" WHERE "todolists"."id" = $1 LIMIT $2[0m  [["id", 6], ["LIMIT", 1]]
  ↳ app/controllers/api/todos_controller.rb:21
  [1m[35m (0.2ms)[0m  [1m[35mBEGIN[0m
  ↳ app/controllers/api/todos_controller.rb:22
  [1m[36mTodolist Update (0.6ms)[0m  [1m[33mUPDATE "todolists" SET "done" = $1, "updated_at" = $2 WHERE "todolists"."id" = $3[0m  [["done", false], ["updated_at", "2018-10-03 00:11:49.747544"], ["id", 6]]
  ↳ app/controllers/api/todos_controller.rb:22
  [1m[35m (0.6ms)[0m  [1m[35mCOMMIT[0m
  ↳ app/controllers/api/todos_controller.rb:22
Completed 200 OK in 11ms (Views: 0.8ms | ActiveRecord: 2.9ms)


Started PATCH "/api/todos/6" for 127.0.0.1 at 2018-10-02 17:11:50 -0700
Processing by Api::TodosController#update as JSON
  Parameters: {"id"=>"6", "todo"=>{"done"=>"true"}}
  [1m[36mTodolist Load (0.8ms)[0m  [1m[34mSELECT  "todolists".* FROM "todolists" WHERE "todolists"."id" = $1 LIMIT $2[0m  [["id", 6], ["LIMIT", 1]]
  ↳ app/controllers/api/todos_controller.rb:21
  [1m[35m (0.4ms)[0m  [1m[35mBEGIN[0m
  ↳ app/controllers/api/todos_controller.rb:22
  [1m[36mTodolist Update (0.7ms)[0m  [1m[33mUPDATE "todolists" SET "done" = $1, "updated_at" = $2 WHERE "todolists"."id" = $3[0m  [["done", true], ["updated_at", "2018-10-03 00:11:50.289427"], ["id", 6]]
  ↳ app/controllers/api/todos_controller.rb:22
  [1m[35m (0.6ms)[0m  [1m[35mCOMMIT[0m
  ↳ app/controllers/api/todos_controller.rb:22
Completed 200 OK in 9ms (Views: 0.4ms | ActiveRecord: 2.4ms)


Started PATCH "/api/todos/7" for 127.0.0.1 at 2018-10-02 17:11:52 -0700
Processing by Api::TodosController#update as JSON
  Parameters: {"id"=>"7", "todo"=>{"done"=>"false"}}
  [1m[36mTodolist Load (0.9ms)[0m  [1m[34mSELECT  "todolists".* FROM "todolists" WHERE "todolists"."id" = $1 LIMIT $2[0m  [["id", 7], ["LIMIT", 1]]
  ↳ app/controllers/api/todos_controller.rb:21
  [1m[35m (0.3ms)[0m  [1m[35mBEGIN[0m
  ↳ app/controllers/api/todos_controller.rb:22
  [1m[35m (0.2ms)[0m  [1m[35mCOMMIT[0m
  ↳ app/controllers/api/todos_controller.rb:22
Completed 200 OK in 7ms (Views: 0.6ms | ActiveRecord: 1.4ms)


Started PATCH "/api/todos/7" for 127.0.0.1 at 2018-10-02 17:11:55 -0700
Processing by Api::TodosController#update as JSON
  Parameters: {"id"=>"7", "todo"=>{"done"=>"true"}}
  [1m[36mTodolist Load (1.0ms)[0m  [1m[34mSELECT  "todolists".* FROM "todolists" WHERE "todolists"."id" = $1 LIMIT $2[0m  [["id", 7], ["LIMIT", 1]]
  ↳ app/controllers/api/todos_controller.rb:21
  [1m[35m (0.4ms)[0m  [1m[35mBEGIN[0m
  ↳ app/controllers/api/todos_controller.rb:22
  [1m[36mTodolist Update (0.6ms)[0m  [1m[33mUPDATE "todolists" SET "done" = $1, "updated_at" = $2 WHERE "todolists"."id" = $3[0m  [["done", true], ["updated_at", "2018-10-03 00:11:55.395025"], ["id", 7]]
  ↳ app/controllers/api/todos_controller.rb:22
  [1m[35m (0.6ms)[0m  [1m[35mCOMMIT[0m
  ↳ app/controllers/api/todos_controller.rb:22
Completed 200 OK in 9ms (Views: 0.4ms | ActiveRecord: 2.6ms)


Started PATCH "/api/todos/8" for 127.0.0.1 at 2018-10-02 17:11:57 -0700
Processing by Api::TodosController#update as JSON
  Parameters: {"id"=>"8", "todo"=>{"done"=>"false"}}
  [1m[36mTodolist Load (0.9ms)[0m  [1m[34mSELECT  "todolists".* FROM "todolists" WHERE "todolists"."id" = $1 LIMIT $2[0m  [["id", 8], ["LIMIT", 1]]
  ↳ app/controllers/api/todos_controller.rb:21
  [1m[35m (0.2ms)[0m  [1m[35mBEGIN[0m
  ↳ app/controllers/api/todos_controller.rb:22
  [1m[35m (0.2ms)[0m  [1m[35mCOMMIT[0m
  ↳ app/controllers/api/todos_controller.rb:22
Completed 200 OK in 6ms (Views: 0.5ms | ActiveRecord: 1.4ms)


Started PATCH "/api/todos/8" for 127.0.0.1 at 2018-10-02 17:11:58 -0700
Processing by Api::TodosController#update as JSON
  Parameters: {"id"=>"8", "todo"=>{"done"=>"true"}}
  [1m[36mTodolist Load (0.6ms)[0m  [1m[34mSELECT  "todolists".* FROM "todolists" WHERE "todolists"."id" = $1 LIMIT $2[0m  [["id", 8], ["LIMIT", 1]]
  ↳ app/controllers/api/todos_controller.rb:21
  [1m[35m (0.3ms)[0m  [1m[35mBEGIN[0m
  ↳ app/controllers/api/todos_controller.rb:22
  [1m[36mTodolist Update (0.9ms)[0m  [1m[33mUPDATE "todolists" SET "done" = $1, "updated_at" = $2 WHERE "todolists"."id" = $3[0m  [["done", true], ["updated_at", "2018-10-03 00:11:58.136760"], ["id", 8]]
  ↳ app/controllers/api/todos_controller.rb:22
  [1m[35m (0.7ms)[0m  [1m[35mCOMMIT[0m
  ↳ app/controllers/api/todos_controller.rb:22
Completed 200 OK in 9ms (Views: 0.7ms | ActiveRecord: 2.5ms)


Started PATCH "/api/todos/8" for 127.0.0.1 at 2018-10-02 17:12:00 -0700
Processing by Api::TodosController#update as JSON
  Parameters: {"id"=>"8", "todo"=>{"done"=>"false"}}
  [1m[36mTodolist Load (1.5ms)[0m  [1m[34mSELECT  "todolists".* FROM "todolists" WHERE "todolists"."id" = $1 LIMIT $2[0m  [["id", 8], ["LIMIT", 1]]
  ↳ app/controllers/api/todos_controller.rb:21
  [1m[35m (1.6ms)[0m  [1m[35mBEGIN[0m
  ↳ app/controllers/api/todos_controller.rb:22
  [1m[36mTodolist Update (0.9ms)[0m  [1m[33mUPDATE "todolists" SET "done" = $1, "updated_at" = $2 WHERE "todolists"."id" = $3[0m  [["done", false], ["updated_at", "2018-10-03 00:12:00.476117"], ["id", 8]]
  ↳ app/controllers/api/todos_controller.rb:22
  [1m[35m (0.6ms)[0m  [1m[35mCOMMIT[0m
  ↳ app/controllers/api/todos_controller.rb:22
Completed 200 OK in 13ms (Views: 0.4ms | ActiveRecord: 4.5ms)


Started GET "/" for 127.0.0.1 at 2018-10-02 17:12:02 -0700
Processing by StaticPagesController#root as HTML
  Rendering static_pages/root.html within layouts/application
  Rendered static_pages/root.html within layouts/application (0.6ms)
Completed 200 OK in 57ms (Views: 54.3ms | ActiveRecord: 0.0ms)


Started GET "/api/todos" for 127.0.0.1 at 2018-10-02 17:12:03 -0700
Processing by Api::TodosController#index as JSON
  [1m[36mTodolist Load (0.7ms)[0m  [1m[34mSELECT "todolists".* FROM "todolists"[0m
  ↳ app/controllers/api/todos_controller.rb:8
Completed 200 OK in 6ms (Views: 5.3ms | ActiveRecord: 0.7ms)


Started GET "/" for 127.0.0.1 at 2018-10-02 17:12:13 -0700
Processing by StaticPagesController#root as HTML
  Rendering static_pages/root.html within layouts/application
  Rendered static_pages/root.html within layouts/application (0.5ms)
Completed 200 OK in 869ms (Views: 865.3ms | ActiveRecord: 0.0ms)


Started GET "/api/todos" for 127.0.0.1 at 2018-10-02 17:12:14 -0700
Processing by Api::TodosController#index as JSON
  [1m[36mTodolist Load (0.6ms)[0m  [1m[34mSELECT "todolists".* FROM "todolists"[0m
  ↳ app/controllers/api/todos_controller.rb:8
Completed 200 OK in 5ms (Views: 3.6ms | ActiveRecord: 0.6ms)


Started PATCH "/api/todos/6" for 127.0.0.1 at 2018-10-02 17:12:16 -0700
Processing by Api::TodosController#update as JSON
  Parameters: {"id"=>"6", "todo"=>{"id"=>"6", "title"=>"blah", "body"=>"test test", "done"=>"true", "created_at"=>"2018-10-02T22:17:32.191Z", "updated_at"=>"2018-10-03T00:11:50.289Z"}}
  [1m[36mTodolist Load (0.4ms)[0m  [1m[34mSELECT  "todolists".* FROM "todolists" WHERE "todolists"."id" = $1 LIMIT $2[0m  [["id", 6], ["LIMIT", 1]]
  ↳ app/controllers/api/todos_controller.rb:21
Unpermitted parameters: :id, :created_at, :updated_at
  [1m[35m (0.3ms)[0m  [1m[35mBEGIN[0m
  ↳ app/controllers/api/todos_controller.rb:22
  [1m[35m (0.5ms)[0m  [1m[35mCOMMIT[0m
  ↳ app/controllers/api/todos_controller.rb:22
Completed 200 OK in 7ms (Views: 0.6ms | ActiveRecord: 1.2ms)


Started PATCH "/api/todos/6" for 127.0.0.1 at 2018-10-02 17:12:17 -0700
Processing by Api::TodosController#update as JSON
  Parameters: {"id"=>"6", "todo"=>{"id"=>"6", "title"=>"blah", "body"=>"test test", "done"=>"false", "created_at"=>"2018-10-02T22:17:32.191Z", "updated_at"=>"2018-10-03T00:11:50.289Z"}}
  [1m[36mTodolist Load (0.5ms)[0m  [1m[34mSELECT  "todolists".* FROM "todolists" WHERE "todolists"."id" = $1 LIMIT $2[0m  [["id", 6], ["LIMIT", 1]]
  ↳ app/controllers/api/todos_controller.rb:21
Unpermitted parameters: :id, :created_at, :updated_at
  [1m[35m (0.2ms)[0m  [1m[35mBEGIN[0m
  ↳ app/controllers/api/todos_controller.rb:22
  [1m[36mTodolist Update (0.5ms)[0m  [1m[33mUPDATE "todolists" SET "done" = $1, "updated_at" = $2 WHERE "todolists"."id" = $3[0m  [["done", false], ["updated_at", "2018-10-03 00:12:17.282756"], ["id", 6]]
  ↳ app/controllers/api/todos_controller.rb:22
  [1m[35m (0.5ms)[0m  [1m[35mCOMMIT[0m
  ↳ app/controllers/api/todos_controller.rb:22
Completed 200 OK in 7ms (Views: 0.4ms | ActiveRecord: 1.7ms)


Started PATCH "/api/todos/7" for 127.0.0.1 at 2018-10-02 17:12:18 -0700
Processing by Api::TodosController#update as JSON
  Parameters: {"id"=>"7", "todo"=>{"id"=>"7", "title"=>"test", "body"=>"test again blah", "done"=>"true", "created_at"=>"2018-10-02T22:19:00.678Z", "updated_at"=>"2018-10-03T00:11:55.395Z"}}
  [1m[36mTodolist Load (0.5ms)[0m  [1m[34mSELECT  "todolists".* FROM "todolists" WHERE "todolists"."id" = $1 LIMIT $2[0m  [["id", 7], ["LIMIT", 1]]
  ↳ app/controllers/api/todos_controller.rb:21
Unpermitted parameters: :id, :created_at, :updated_at
  [1m[35m (0.3ms)[0m  [1m[35mBEGIN[0m
  ↳ app/controllers/api/todos_controller.rb:22
  [1m[35m (0.2ms)[0m  [1m[35mCOMMIT[0m
  ↳ app/controllers/api/todos_controller.rb:22
Completed 200 OK in 6ms (Views: 0.6ms | ActiveRecord: 1.0ms)


Started PATCH "/api/todos/7" for 127.0.0.1 at 2018-10-02 17:12:18 -0700
Processing by Api::TodosController#update as JSON
  Parameters: {"id"=>"7", "todo"=>{"id"=>"7", "title"=>"test", "body"=>"test again blah", "done"=>"false", "created_at"=>"2018-10-02T22:19:00.678Z", "updated_at"=>"2018-10-03T00:11:55.395Z"}}
  [1m[36mTodolist Load (0.5ms)[0m  [1m[34mSELECT  "todolists".* FROM "todolists" WHERE "todolists"."id" = $1 LIMIT $2[0m  [["id", 7], ["LIMIT", 1]]
  ↳ app/controllers/api/todos_controller.rb:21
Unpermitted parameters: :id, :created_at, :updated_at
  [1m[35m (0.3ms)[0m  [1m[35mBEGIN[0m
  ↳ app/controllers/api/todos_controller.rb:22
  [1m[36mTodolist Update (0.9ms)[0m  [1m[33mUPDATE "todolists" SET "done" = $1, "updated_at" = $2 WHERE "todolists"."id" = $3[0m  [["done", false], ["updated_at", "2018-10-03 00:12:18.657692"], ["id", 7]]
  ↳ app/controllers/api/todos_controller.rb:22
  [1m[35m (0.5ms)[0m  [1m[35mCOMMIT[0m
  ↳ app/controllers/api/todos_controller.rb:22
Completed 200 OK in 9ms (Views: 0.5ms | ActiveRecord: 2.2ms)


Started PATCH "/api/todos/8" for 127.0.0.1 at 2018-10-02 17:12:19 -0700
Processing by Api::TodosController#update as JSON
  Parameters: {"id"=>"8", "todo"=>{"id"=>"8", "title"=>"asdfds", "body"=>"fsafasdf", "done"=>"false", "created_at"=>"2018-10-02T22:20:38.990Z", "updated_at"=>"2018-10-03T00:12:00.476Z"}}
  [1m[36mTodolist Load (0.5ms)[0m  [1m[34mSELECT  "todolists".* FROM "todolists" WHERE "todolists"."id" = $1 LIMIT $2[0m  [["id", 8], ["LIMIT", 1]]
  ↳ app/controllers/api/todos_controller.rb:21
Unpermitted parameters: :id, :created_at, :updated_at
  [1m[35m (0.2ms)[0m  [1m[35mBEGIN[0m
  ↳ app/controllers/api/todos_controller.rb:22
  [1m[35m (0.2ms)[0m  [1m[35mCOMMIT[0m
  ↳ app/controllers/api/todos_controller.rb:22
Completed 200 OK in 5ms (Views: 0.4ms | ActiveRecord: 1.0ms)


Started GET "/" for 127.0.0.1 at 2018-10-02 17:13:30 -0700
Processing by StaticPagesController#root as HTML
  Rendering static_pages/root.html within layouts/application
  Rendered static_pages/root.html within layouts/application (0.8ms)
Completed 200 OK in 934ms (Views: 916.2ms | ActiveRecord: 0.0ms)


Started GET "/api/todos" for 127.0.0.1 at 2018-10-02 17:13:31 -0700
Processing by Api::TodosController#index as JSON
  [1m[36mTodolist Load (2.9ms)[0m  [1m[34mSELECT "todolists".* FROM "todolists"[0m
  ↳ app/controllers/api/todos_controller.rb:8
Completed 200 OK in 7ms (Views: 3.8ms | ActiveRecord: 2.9ms)


Started PATCH "/api/todos/6" for 127.0.0.1 at 2018-10-02 17:13:37 -0700
Processing by Api::TodosController#update as JSON
  Parameters: {"id"=>"6", "todo"=>{"id"=>"6", "title"=>"blah", "body"=>"test test", "done"=>"false", "created_at"=>"2018-10-02T22:17:32.191Z", "updated_at"=>"2018-10-03T00:12:17.282Z"}}
  [1m[36mTodolist Load (1.0ms)[0m  [1m[34mSELECT  "todolists".* FROM "todolists" WHERE "todolists"."id" = $1 LIMIT $2[0m  [["id", 6], ["LIMIT", 1]]
  ↳ app/controllers/api/todos_controller.rb:21
Unpermitted parameters: :id, :created_at, :updated_at
  [1m[35m (0.3ms)[0m  [1m[35mBEGIN[0m
  ↳ app/controllers/api/todos_controller.rb:22
  [1m[35m (0.4ms)[0m  [1m[35mCOMMIT[0m
  ↳ app/controllers/api/todos_controller.rb:22
Completed 200 OK in 9ms (Views: 0.9ms | ActiveRecord: 1.7ms)


Started PATCH "/api/todos/6" for 127.0.0.1 at 2018-10-02 17:13:46 -0700
Processing by Api::TodosController#update as JSON
  Parameters: {"id"=>"6", "todo"=>{"id"=>"6", "title"=>"blah", "body"=>"test test", "done"=>"true", "created_at"=>"2018-10-02T22:17:32.191Z", "updated_at"=>"2018-10-03T00:12:17.282Z"}}
  [1m[36mTodolist Load (2.2ms)[0m  [1m[34mSELECT  "todolists".* FROM "todolists" WHERE "todolists"."id" = $1 LIMIT $2[0m  [["id", 6], ["LIMIT", 1]]
  ↳ app/controllers/api/todos_controller.rb:21
Unpermitted parameters: :id, :created_at, :updated_at
  [1m[35m (1.4ms)[0m  [1m[35mBEGIN[0m
  ↳ app/controllers/api/todos_controller.rb:22
  [1m[36mTodolist Update (0.7ms)[0m  [1m[33mUPDATE "todolists" SET "done" = $1, "updated_at" = $2 WHERE "todolists"."id" = $3[0m  [["done", true], ["updated_at", "2018-10-03 00:13:46.497297"], ["id", 6]]
  ↳ app/controllers/api/todos_controller.rb:22
  [1m[35m (7.4ms)[0m  [1m[35mCOMMIT[0m
  ↳ app/controllers/api/todos_controller.rb:22
Completed 200 OK in 20ms (Views: 0.8ms | ActiveRecord: 11.7ms)


Started GET "/" for 127.0.0.1 at 2018-10-02 17:19:58 -0700
Processing by StaticPagesController#root as HTML
  Rendering static_pages/root.html within layouts/application
  Rendered static_pages/root.html within layouts/application (0.4ms)
Completed 200 OK in 910ms (Views: 886.1ms | ActiveRecord: 0.0ms)


Started GET "/api/todos" for 127.0.0.1 at 2018-10-02 17:20:00 -0700
Processing by Api::TodosController#index as JSON
  [1m[36mTodolist Load (2.0ms)[0m  [1m[34mSELECT "todolists".* FROM "todolists"[0m
  ↳ app/controllers/api/todos_controller.rb:8
Completed 200 OK in 7ms (Views: 3.9ms | ActiveRecord: 2.0ms)


Started PATCH "/api/todos/6" for 127.0.0.1 at 2018-10-02 17:20:02 -0700
Processing by Api::TodosController#update as JSON
  Parameters: {"id"=>"6", "todo"=>{"done"=>"false"}}
  [1m[36mTodolist Load (1.0ms)[0m  [1m[34mSELECT  "todolists".* FROM "todolists" WHERE "todolists"."id" = $1 LIMIT $2[0m  [["id", 6], ["LIMIT", 1]]
  ↳ app/controllers/api/todos_controller.rb:21
  [1m[35m (0.4ms)[0m  [1m[35mBEGIN[0m
  ↳ app/controllers/api/todos_controller.rb:22
  [1m[36mTodolist Update (0.9ms)[0m  [1m[33mUPDATE "todolists" SET "done" = $1, "updated_at" = $2 WHERE "todolists"."id" = $3[0m  [["done", false], ["updated_at", "2018-10-03 00:20:02.033653"], ["id", 6]]
  ↳ app/controllers/api/todos_controller.rb:22
  [1m[35m (33.6ms)[0m  [1m[35mCOMMIT[0m
  ↳ app/controllers/api/todos_controller.rb:22
Completed 200 OK in 46ms (Views: 0.6ms | ActiveRecord: 37.6ms)


Started PATCH "/api/todos/6" for 127.0.0.1 at 2018-10-02 17:20:03 -0700
Processing by Api::TodosController#update as JSON
  Parameters: {"id"=>"6", "todo"=>{"done"=>"false"}}
  [1m[36mTodolist Load (0.7ms)[0m  [1m[34mSELECT  "todolists".* FROM "todolists" WHERE "todolists"."id" = $1 LIMIT $2[0m  [["id", 6], ["LIMIT", 1]]
  ↳ app/controllers/api/todos_controller.rb:21
  [1m[35m (0.4ms)[0m  [1m[35mBEGIN[0m
  ↳ app/controllers/api/todos_controller.rb:22
  [1m[35m (0.7ms)[0m  [1m[35mCOMMIT[0m
  ↳ app/controllers/api/todos_controller.rb:22
Completed 200 OK in 7ms (Views: 0.9ms | ActiveRecord: 1.8ms)


Started PATCH "/api/todos/6" for 127.0.0.1 at 2018-10-02 17:20:04 -0700
Processing by Api::TodosController#update as JSON
  Parameters: {"id"=>"6", "todo"=>{"done"=>"false"}}
  [1m[36mTodolist Load (0.9ms)[0m  [1m[34mSELECT  "todolists".* FROM "todolists" WHERE "todolists"."id" = $1 LIMIT $2[0m  [["id", 6], ["LIMIT", 1]]
  ↳ app/controllers/api/todos_controller.rb:21
  [1m[35m (0.4ms)[0m  [1m[35mBEGIN[0m
  ↳ app/controllers/api/todos_controller.rb:22
  [1m[35m (0.5ms)[0m  [1m[35mCOMMIT[0m
  ↳ app/controllers/api/todos_controller.rb:22
Completed 200 OK in 6ms (Views: 0.6ms | ActiveRecord: 1.8ms)


Started PATCH "/api/todos/6" for 127.0.0.1 at 2018-10-02 17:20:05 -0700
Processing by Api::TodosController#update as JSON
  Parameters: {"id"=>"6", "todo"=>{"done"=>"false"}}
  [1m[36mTodolist Load (0.7ms)[0m  [1m[34mSELECT  "todolists".* FROM "todolists" WHERE "todolists"."id" = $1 LIMIT $2[0m  [["id", 6], ["LIMIT", 1]]
  ↳ app/controllers/api/todos_controller.rb:21
  [1m[35m (0.3ms)[0m  [1m[35mBEGIN[0m
  ↳ app/controllers/api/todos_controller.rb:22
  [1m[35m (2.7ms)[0m  [1m[35mCOMMIT[0m
  ↳ app/controllers/api/todos_controller.rb:22
Completed 200 OK in 9ms (Views: 0.6ms | ActiveRecord: 3.7ms)


Started PATCH "/api/todos/8" for 127.0.0.1 at 2018-10-02 17:20:09 -0700
Processing by Api::TodosController#update as JSON
  Parameters: {"id"=>"8", "todo"=>{"done"=>"true"}}
  [1m[36mTodolist Load (0.6ms)[0m  [1m[34mSELECT  "todolists".* FROM "todolists" WHERE "todolists"."id" = $1 LIMIT $2[0m  [["id", 8], ["LIMIT", 1]]
  ↳ app/controllers/api/todos_controller.rb:21
  [1m[35m (0.9ms)[0m  [1m[35mBEGIN[0m
  ↳ app/controllers/api/todos_controller.rb:22
  [1m[36mTodolist Update (3.4ms)[0m  [1m[33mUPDATE "todolists" SET "done" = $1, "updated_at" = $2 WHERE "todolists"."id" = $3[0m  [["done", true], ["updated_at", "2018-10-03 00:20:09.106354"], ["id", 8]]
  ↳ app/controllers/api/todos_controller.rb:22
  [1m[35m (1.2ms)[0m  [1m[35mCOMMIT[0m
  ↳ app/controllers/api/todos_controller.rb:22
Completed 200 OK in 14ms (Views: 1.0ms | ActiveRecord: 6.1ms)


Started PATCH "/api/todos/8" for 127.0.0.1 at 2018-10-02 17:20:09 -0700
Processing by Api::TodosController#update as JSON
  Parameters: {"id"=>"8", "todo"=>{"done"=>"true"}}
  [1m[36mTodolist Load (1.3ms)[0m  [1m[34mSELECT  "todolists".* FROM "todolists" WHERE "todolists"."id" = $1 LIMIT $2[0m  [["id", 8], ["LIMIT", 1]]
  ↳ app/controllers/api/todos_controller.rb:21
  [1m[35m (0.4ms)[0m  [1m[35mBEGIN[0m
  ↳ app/controllers/api/todos_controller.rb:22
  [1m[35m (1.7ms)[0m  [1m[35mCOMMIT[0m
  ↳ app/controllers/api/todos_controller.rb:22
Completed 200 OK in 11ms (Views: 0.9ms | ActiveRecord: 3.5ms)


Started GET "/" for 127.0.0.1 at 2018-10-02 17:20:38 -0700
Processing by StaticPagesController#root as HTML
  Rendering static_pages/root.html within layouts/application
  Rendered static_pages/root.html within layouts/application (0.4ms)
Completed 200 OK in 1168ms (Views: 1158.3ms | ActiveRecord: 0.0ms)


Started GET "/api/todos" for 127.0.0.1 at 2018-10-02 17:20:40 -0700
Processing by Api::TodosController#index as JSON
  [1m[36mTodolist Load (3.6ms)[0m  [1m[34mSELECT "todolists".* FROM "todolists"[0m
  ↳ app/controllers/api/todos_controller.rb:8
Completed 200 OK in 9ms (Views: 4.8ms | ActiveRecord: 3.6ms)


Started PATCH "/api/todos/6" for 127.0.0.1 at 2018-10-02 17:20:42 -0700
Processing by Api::TodosController#update as JSON
  Parameters: {"id"=>"6", "todo"=>{"done"=>"true"}}
  [1m[36mTodolist Load (1.3ms)[0m  [1m[34mSELECT  "todolists".* FROM "todolists" WHERE "todolists"."id" = $1 LIMIT $2[0m  [["id", 6], ["LIMIT", 1]]
  ↳ app/controllers/api/todos_controller.rb:21
  [1m[35m (1.8ms)[0m  [1m[35mBEGIN[0m
  ↳ app/controllers/api/todos_controller.rb:22
  [1m[36mTodolist Update (1.9ms)[0m  [1m[33mUPDATE "todolists" SET "done" = $1, "updated_at" = $2 WHERE "todolists"."id" = $3[0m  [["done", true], ["updated_at", "2018-10-03 00:20:42.792361"], ["id", 6]]
  ↳ app/controllers/api/todos_controller.rb:22
  [1m[35m (0.8ms)[0m  [1m[35mCOMMIT[0m
  ↳ app/controllers/api/todos_controller.rb:22
Completed 200 OK in 14ms (Views: 0.7ms | ActiveRecord: 6.2ms)


Started PATCH "/api/todos/6" for 127.0.0.1 at 2018-10-02 17:20:44 -0700
Processing by Api::TodosController#update as JSON
  Parameters: {"id"=>"6", "todo"=>{"done"=>"false"}}
  [1m[36mTodolist Load (1.2ms)[0m  [1m[34mSELECT  "todolists".* FROM "todolists" WHERE "todolists"."id" = $1 LIMIT $2[0m  [["id", 6], ["LIMIT", 1]]
  ↳ app/controllers/api/todos_controller.rb:21
  [1m[35m (0.7ms)[0m  [1m[35mBEGIN[0m
  ↳ app/controllers/api/todos_controller.rb:22
  [1m[36mTodolist Update (1.2ms)[0m  [1m[33mUPDATE "todolists" SET "done" = $1, "updated_at" = $2 WHERE "todolists"."id" = $3[0m  [["done", false], ["updated_at", "2018-10-03 00:20:44.099925"], ["id", 6]]
  ↳ app/controllers/api/todos_controller.rb:22
  [1m[35m (0.6ms)[0m  [1m[35mCOMMIT[0m
  ↳ app/controllers/api/todos_controller.rb:22
Completed 200 OK in 11ms (Views: 0.6ms | ActiveRecord: 3.8ms)


Started PATCH "/api/todos/7" for 127.0.0.1 at 2018-10-02 17:20:45 -0700
Processing by Api::TodosController#update as JSON
  Parameters: {"id"=>"7", "todo"=>{"done"=>"true"}}
  [1m[36mTodolist Load (0.9ms)[0m  [1m[34mSELECT  "todolists".* FROM "todolists" WHERE "todolists"."id" = $1 LIMIT $2[0m  [["id", 7], ["LIMIT", 1]]
  ↳ app/controllers/api/todos_controller.rb:21
  [1m[35m (1.2ms)[0m  [1m[35mBEGIN[0m
  ↳ app/controllers/api/todos_controller.rb:22
  [1m[36mTodolist Update (1.1ms)[0m  [1m[33mUPDATE "todolists" SET "done" = $1, "updated_at" = $2 WHERE "todolists"."id" = $3[0m  [["done", true], ["updated_at", "2018-10-03 00:20:45.273447"], ["id", 7]]
  ↳ app/controllers/api/todos_controller.rb:22
  [1m[35m (1.3ms)[0m  [1m[35mCOMMIT[0m
  ↳ app/controllers/api/todos_controller.rb:22
Completed 200 OK in 12ms (Views: 0.8ms | ActiveRecord: 4.6ms)


Started PATCH "/api/todos/7" for 127.0.0.1 at 2018-10-02 17:20:45 -0700
Processing by Api::TodosController#update as JSON
  Parameters: {"id"=>"7", "todo"=>{"done"=>"false"}}
  [1m[36mTodolist Load (0.7ms)[0m  [1m[34mSELECT  "todolists".* FROM "todolists" WHERE "todolists"."id" = $1 LIMIT $2[0m  [["id", 7], ["LIMIT", 1]]
  ↳ app/controllers/api/todos_controller.rb:21
  [1m[35m (0.2ms)[0m  [1m[35mBEGIN[0m
  ↳ app/controllers/api/todos_controller.rb:22
  [1m[36mTodolist Update (0.9ms)[0m  [1m[33mUPDATE "todolists" SET "done" = $1, "updated_at" = $2 WHERE "todolists"."id" = $3[0m  [["done", false], ["updated_at", "2018-10-03 00:20:45.720372"], ["id", 7]]
  ↳ app/controllers/api/todos_controller.rb:22
  [1m[35m (0.7ms)[0m  [1m[35mCOMMIT[0m
  ↳ app/controllers/api/todos_controller.rb:22
Completed 200 OK in 9ms (Views: 0.8ms | ActiveRecord: 2.6ms)


Started PATCH "/api/todos/8" for 127.0.0.1 at 2018-10-02 17:20:47 -0700
Processing by Api::TodosController#update as JSON
  Parameters: {"id"=>"8", "todo"=>{"done"=>"false"}}
  [1m[36mTodolist Load (1.3ms)[0m  [1m[34mSELECT  "todolists".* FROM "todolists" WHERE "todolists"."id" = $1 LIMIT $2[0m  [["id", 8], ["LIMIT", 1]]
  ↳ app/controllers/api/todos_controller.rb:21
  [1m[35m (0.4ms)[0m  [1m[35mBEGIN[0m
  ↳ app/controllers/api/todos_controller.rb:22
  [1m[36mTodolist Update (1.0ms)[0m  [1m[33mUPDATE "todolists" SET "done" = $1, "updated_at" = $2 WHERE "todolists"."id" = $3[0m  [["done", false], ["updated_at", "2018-10-03 00:20:47.025072"], ["id", 8]]
  ↳ app/controllers/api/todos_controller.rb:22
  [1m[35m (0.6ms)[0m  [1m[35mCOMMIT[0m
  ↳ app/controllers/api/todos_controller.rb:22
Completed 200 OK in 10ms (Views: 0.5ms | ActiveRecord: 3.3ms)


Started PATCH "/api/todos/8" for 127.0.0.1 at 2018-10-02 17:20:47 -0700
Processing by Api::TodosController#update as JSON
  Parameters: {"id"=>"8", "todo"=>{"done"=>"true"}}
  [1m[36mTodolist Load (1.0ms)[0m  [1m[34mSELECT  "todolists".* FROM "todolists" WHERE "todolists"."id" = $1 LIMIT $2[0m  [["id", 8], ["LIMIT", 1]]
  ↳ app/controllers/api/todos_controller.rb:21
  [1m[35m (0.3ms)[0m  [1m[35mBEGIN[0m
  ↳ app/controllers/api/todos_controller.rb:22
  [1m[36mTodolist Update (0.8ms)[0m  [1m[33mUPDATE "todolists" SET "done" = $1, "updated_at" = $2 WHERE "todolists"."id" = $3[0m  [["done", true], ["updated_at", "2018-10-03 00:20:47.450305"], ["id", 8]]
  ↳ app/controllers/api/todos_controller.rb:22
  [1m[35m (0.5ms)[0m  [1m[35mCOMMIT[0m
  ↳ app/controllers/api/todos_controller.rb:22
Completed 200 OK in 8ms (Views: 0.4ms | ActiveRecord: 2.6ms)


Started PATCH "/api/todos/6" for 127.0.0.1 at 2018-10-02 17:20:53 -0700
Processing by Api::TodosController#update as JSON
  Parameters: {"id"=>"6", "todo"=>{"done"=>"true"}}
  [1m[36mTodolist Load (0.5ms)[0m  [1m[34mSELECT  "todolists".* FROM "todolists" WHERE "todolists"."id" = $1 LIMIT $2[0m  [["id", 6], ["LIMIT", 1]]
  ↳ app/controllers/api/todos_controller.rb:21
  [1m[35m (0.3ms)[0m  [1m[35mBEGIN[0m
  ↳ app/controllers/api/todos_controller.rb:22
  [1m[36mTodolist Update (2.6ms)[0m  [1m[33mUPDATE "todolists" SET "done" = $1, "updated_at" = $2 WHERE "todolists"."id" = $3[0m  [["done", true], ["updated_at", "2018-10-03 00:20:53.704484"], ["id", 6]]
  ↳ app/controllers/api/todos_controller.rb:22
  [1m[35m (2.0ms)[0m  [1m[35mCOMMIT[0m
  ↳ app/controllers/api/todos_controller.rb:22
Completed 200 OK in 12ms (Views: 0.8ms | ActiveRecord: 5.4ms)


Started PATCH "/api/todos/6" for 127.0.0.1 at 2018-10-02 17:20:54 -0700
Processing by Api::TodosController#update as JSON
  Parameters: {"id"=>"6", "todo"=>{"done"=>"false"}}
  [1m[36mTodolist Load (1.8ms)[0m  [1m[34mSELECT  "todolists".* FROM "todolists" WHERE "todolists"."id" = $1 LIMIT $2[0m  [["id", 6], ["LIMIT", 1]]
  ↳ app/controllers/api/todos_controller.rb:21
  [1m[35m (3.0ms)[0m  [1m[35mBEGIN[0m
  ↳ app/controllers/api/todos_controller.rb:22
  [1m[36mTodolist Update (1.4ms)[0m  [1m[33mUPDATE "todolists" SET "done" = $1, "updated_at" = $2 WHERE "todolists"."id" = $3[0m  [["done", false], ["updated_at", "2018-10-03 00:20:54.364221"], ["id", 6]]
  ↳ app/controllers/api/todos_controller.rb:22
  [1m[35m (0.5ms)[0m  [1m[35mCOMMIT[0m
  ↳ app/controllers/api/todos_controller.rb:22
Completed 200 OK in 13ms (Views: 0.7ms | ActiveRecord: 6.7ms)


Started GET "/" for 127.0.0.1 at 2018-10-02 17:20:55 -0700
Processing by StaticPagesController#root as HTML
  Rendering static_pages/root.html within layouts/application
  Rendered static_pages/root.html within layouts/application (0.5ms)
Completed 200 OK in 65ms (Views: 61.6ms | ActiveRecord: 0.0ms)


Started GET "/api/todos" for 127.0.0.1 at 2018-10-02 17:20:56 -0700
Processing by Api::TodosController#index as JSON
  [1m[36mTodolist Load (0.8ms)[0m  [1m[34mSELECT "todolists".* FROM "todolists"[0m
  ↳ app/controllers/api/todos_controller.rb:8
Completed 200 OK in 7ms (Views: 5.4ms | ActiveRecord: 0.8ms)


Started PATCH "/api/todos/6" for 127.0.0.1 at 2018-10-02 17:20:59 -0700
Processing by Api::TodosController#update as JSON
  Parameters: {"id"=>"6", "todo"=>{"done"=>"true"}}
  [1m[36mTodolist Load (0.5ms)[0m  [1m[34mSELECT  "todolists".* FROM "todolists" WHERE "todolists"."id" = $1 LIMIT $2[0m  [["id", 6], ["LIMIT", 1]]
  ↳ app/controllers/api/todos_controller.rb:21
  [1m[35m (3.0ms)[0m  [1m[35mBEGIN[0m
  ↳ app/controllers/api/todos_controller.rb:22
  [1m[36mTodolist Update (1.9ms)[0m  [1m[33mUPDATE "todolists" SET "done" = $1, "updated_at" = $2 WHERE "todolists"."id" = $3[0m  [["done", true], ["updated_at", "2018-10-03 00:20:59.355188"], ["id", 6]]
  ↳ app/controllers/api/todos_controller.rb:22
  [1m[35m (2.7ms)[0m  [1m[35mCOMMIT[0m
  ↳ app/controllers/api/todos_controller.rb:22
Completed 200 OK in 16ms (Views: 0.8ms | ActiveRecord: 8.1ms)


Started PATCH "/api/todos/6" for 127.0.0.1 at 2018-10-02 17:21:01 -0700
Processing by Api::TodosController#update as JSON
  Parameters: {"id"=>"6", "todo"=>{"done"=>"false"}}
  [1m[36mTodolist Load (1.0ms)[0m  [1m[34mSELECT  "todolists".* FROM "todolists" WHERE "todolists"."id" = $1 LIMIT $2[0m  [["id", 6], ["LIMIT", 1]]
  ↳ app/controllers/api/todos_controller.rb:21
  [1m[35m (1.9ms)[0m  [1m[35mBEGIN[0m
  ↳ app/controllers/api/todos_controller.rb:22
  [1m[36mTodolist Update (1.5ms)[0m  [1m[33mUPDATE "todolists" SET "done" = $1, "updated_at" = $2 WHERE "todolists"."id" = $3[0m  [["done", false], ["updated_at", "2018-10-03 00:21:01.210251"], ["id", 6]]
  ↳ app/controllers/api/todos_controller.rb:22
  [1m[35m (0.8ms)[0m  [1m[35mCOMMIT[0m
  ↳ app/controllers/api/todos_controller.rb:22
Completed 200 OK in 12ms (Views: 0.6ms | ActiveRecord: 5.1ms)


Started PATCH "/api/todos/7" for 127.0.0.1 at 2018-10-02 17:21:02 -0700
Processing by Api::TodosController#update as JSON
  Parameters: {"id"=>"7", "todo"=>{"done"=>"true"}}
  [1m[36mTodolist Load (1.1ms)[0m  [1m[34mSELECT  "todolists".* FROM "todolists" WHERE "todolists"."id" = $1 LIMIT $2[0m  [["id", 7], ["LIMIT", 1]]
  ↳ app/controllers/api/todos_controller.rb:21
  [1m[35m (0.4ms)[0m  [1m[35mBEGIN[0m
  ↳ app/controllers/api/todos_controller.rb:22
  [1m[36mTodolist Update (1.4ms)[0m  [1m[33mUPDATE "todolists" SET "done" = $1, "updated_at" = $2 WHERE "todolists"."id" = $3[0m  [["done", true], ["updated_at", "2018-10-03 00:21:02.346500"], ["id", 7]]
  ↳ app/controllers/api/todos_controller.rb:22
  [1m[35m (0.7ms)[0m  [1m[35mCOMMIT[0m
  ↳ app/controllers/api/todos_controller.rb:22
Completed 200 OK in 11ms (Views: 0.5ms | ActiveRecord: 3.6ms)


Started PATCH "/api/todos/7" for 127.0.0.1 at 2018-10-02 17:21:02 -0700
Processing by Api::TodosController#update as JSON
  Parameters: {"id"=>"7", "todo"=>{"done"=>"false"}}
  [1m[36mTodolist Load (1.4ms)[0m  [1m[34mSELECT  "todolists".* FROM "todolists" WHERE "todolists"."id" = $1 LIMIT $2[0m  [["id", 7], ["LIMIT", 1]]
  ↳ app/controllers/api/todos_controller.rb:21
  [1m[35m (0.9ms)[0m  [1m[35mBEGIN[0m
  ↳ app/controllers/api/todos_controller.rb:22
  [1m[36mTodolist Update (0.8ms)[0m  [1m[33mUPDATE "todolists" SET "done" = $1, "updated_at" = $2 WHERE "todolists"."id" = $3[0m  [["done", false], ["updated_at", "2018-10-03 00:21:02.826039"], ["id", 7]]
  ↳ app/controllers/api/todos_controller.rb:22
  [1m[35m (0.7ms)[0m  [1m[35mCOMMIT[0m
  ↳ app/controllers/api/todos_controller.rb:22
Completed 200 OK in 11ms (Views: 0.5ms | ActiveRecord: 3.8ms)


Started PATCH "/api/todos/9" for 127.0.0.1 at 2018-10-02 17:21:22 -0700
Processing by Api::TodosController#update as JSON
  Parameters: {"id"=>"9", "todo"=>{"done"=>"true"}}
  [1m[36mTodolist Load (0.5ms)[0m  [1m[34mSELECT  "todolists".* FROM "todolists" WHERE "todolists"."id" = $1 LIMIT $2[0m  [["id", 9], ["LIMIT", 1]]
  ↳ app/controllers/api/todos_controller.rb:21
  [1m[35m (0.3ms)[0m  [1m[35mBEGIN[0m
  ↳ app/controllers/api/todos_controller.rb:22
  [1m[36mTodolist Update (1.0ms)[0m  [1m[33mUPDATE "todolists" SET "done" = $1, "updated_at" = $2 WHERE "todolists"."id" = $3[0m  [["done", true], ["updated_at", "2018-10-03 00:21:22.683973"], ["id", 9]]
  ↳ app/controllers/api/todos_controller.rb:22
  [1m[35m (1.6ms)[0m  [1m[35mCOMMIT[0m
  ↳ app/controllers/api/todos_controller.rb:22
Completed 200 OK in 11ms (Views: 0.8ms | ActiveRecord: 3.4ms)


Started PATCH "/api/todos/9" for 127.0.0.1 at 2018-10-02 17:21:25 -0700
Processing by Api::TodosController#update as JSON
  Parameters: {"id"=>"9", "todo"=>{"done"=>"false"}}
  [1m[36mTodolist Load (0.5ms)[0m  [1m[34mSELECT  "todolists".* FROM "todolists" WHERE "todolists"."id" = $1 LIMIT $2[0m  [["id", 9], ["LIMIT", 1]]
  ↳ app/controllers/api/todos_controller.rb:21
  [1m[35m (1.3ms)[0m  [1m[35mBEGIN[0m
  ↳ app/controllers/api/todos_controller.rb:22
  [1m[36mTodolist Update (2.1ms)[0m  [1m[33mUPDATE "todolists" SET "done" = $1, "updated_at" = $2 WHERE "todolists"."id" = $3[0m  [["done", false], ["updated_at", "2018-10-03 00:21:25.741252"], ["id", 9]]
  ↳ app/controllers/api/todos_controller.rb:22
  [1m[35m (0.5ms)[0m  [1m[35mCOMMIT[0m
  ↳ app/controllers/api/todos_controller.rb:22
Completed 200 OK in 12ms (Views: 0.4ms | ActiveRecord: 4.3ms)


Started GET "/" for 127.0.0.1 at 2018-10-02 17:21:37 -0700
Processing by StaticPagesController#root as HTML
  Rendering static_pages/root.html within layouts/application
  Rendered static_pages/root.html within layouts/application (0.3ms)
Completed 200 OK in 45ms (Views: 40.8ms | ActiveRecord: 0.0ms)


Started GET "/api/todos" for 127.0.0.1 at 2018-10-02 17:21:38 -0700
Processing by Api::TodosController#index as JSON
  [1m[36mTodolist Load (0.7ms)[0m  [1m[34mSELECT "todolists".* FROM "todolists"[0m
  ↳ app/controllers/api/todos_controller.rb:8
Completed 200 OK in 4ms (Views: 3.2ms | ActiveRecord: 0.7ms)


Started PATCH "/api/todos/6" for 127.0.0.1 at 2018-10-02 17:21:39 -0700
Processing by Api::TodosController#update as JSON
  Parameters: {"id"=>"6", "todo"=>{"done"=>"true"}}
  [1m[36mTodolist Load (0.4ms)[0m  [1m[34mSELECT  "todolists".* FROM "todolists" WHERE "todolists"."id" = $1 LIMIT $2[0m  [["id", 6], ["LIMIT", 1]]
  ↳ app/controllers/api/todos_controller.rb:21
  [1m[35m (0.3ms)[0m  [1m[35mBEGIN[0m
  ↳ app/controllers/api/todos_controller.rb:22
  [1m[36mTodolist Update (1.3ms)[0m  [1m[33mUPDATE "todolists" SET "done" = $1, "updated_at" = $2 WHERE "todolists"."id" = $3[0m  [["done", true], ["updated_at", "2018-10-03 00:21:39.767978"], ["id", 6]]
  ↳ app/controllers/api/todos_controller.rb:22
  [1m[35m (1.6ms)[0m  [1m[35mCOMMIT[0m
  ↳ app/controllers/api/todos_controller.rb:22
Completed 200 OK in 11ms (Views: 1.6ms | ActiveRecord: 3.6ms)


Started GET "/" for 127.0.0.1 at 2018-10-02 17:22:06 -0700
Processing by StaticPagesController#root as HTML
  Rendering static_pages/root.html within layouts/application
  Rendered static_pages/root.html within layouts/application (0.8ms)
Completed 200 OK in 878ms (Views: 803.4ms | ActiveRecord: 0.0ms)


Started GET "/api/todos" for 127.0.0.1 at 2018-10-02 17:22:07 -0700
Processing by Api::TodosController#index as JSON
  [1m[36mTodolist Load (0.8ms)[0m  [1m[34mSELECT "todolists".* FROM "todolists"[0m
  ↳ app/controllers/api/todos_controller.rb:8
Completed 200 OK in 7ms (Views: 5.6ms | ActiveRecord: 0.8ms)


Started PATCH "/api/todos/6" for 127.0.0.1 at 2018-10-02 17:22:09 -0700
Processing by Api::TodosController#update as JSON
  Parameters: {"id"=>"6", "todo"=>{"done"=>"false"}}
  [1m[36mTodolist Load (0.7ms)[0m  [1m[34mSELECT  "todolists".* FROM "todolists" WHERE "todolists"."id" = $1 LIMIT $2[0m  [["id", 6], ["LIMIT", 1]]
  ↳ app/controllers/api/todos_controller.rb:21
  [1m[35m (1.3ms)[0m  [1m[35mBEGIN[0m
  ↳ app/controllers/api/todos_controller.rb:22
  [1m[36mTodolist Update (0.7ms)[0m  [1m[33mUPDATE "todolists" SET "done" = $1, "updated_at" = $2 WHERE "todolists"."id" = $3[0m  [["done", false], ["updated_at", "2018-10-03 00:22:09.810529"], ["id", 6]]
  ↳ app/controllers/api/todos_controller.rb:22
  [1m[35m (1.0ms)[0m  [1m[35mCOMMIT[0m
  ↳ app/controllers/api/todos_controller.rb:22
Completed 200 OK in 12ms (Views: 0.9ms | ActiveRecord: 3.7ms)


Started PATCH "/api/todos/6" for 127.0.0.1 at 2018-10-02 17:23:25 -0700
Processing by Api::TodosController#update as JSON
  Parameters: {"id"=>"6", "todo"=>{"done"=>"true"}}
  [1m[36mTodolist Load (0.6ms)[0m  [1m[34mSELECT  "todolists".* FROM "todolists" WHERE "todolists"."id" = $1 LIMIT $2[0m  [["id", 6], ["LIMIT", 1]]
  ↳ app/controllers/api/todos_controller.rb:21
  [1m[35m (0.3ms)[0m  [1m[35mBEGIN[0m
  ↳ app/controllers/api/todos_controller.rb:22
  [1m[36mTodolist Update (0.8ms)[0m  [1m[33mUPDATE "todolists" SET "done" = $1, "updated_at" = $2 WHERE "todolists"."id" = $3[0m  [["done", true], ["updated_at", "2018-10-03 00:23:25.991690"], ["id", 6]]
  ↳ app/controllers/api/todos_controller.rb:22
  [1m[35m (0.6ms)[0m  [1m[35mCOMMIT[0m
  ↳ app/controllers/api/todos_controller.rb:22
Completed 200 OK in 9ms (Views: 0.8ms | ActiveRecord: 2.2ms)


Started PATCH "/api/todos/6" for 127.0.0.1 at 2018-10-02 17:23:26 -0700
Processing by Api::TodosController#update as JSON
  Parameters: {"id"=>"6", "todo"=>{"done"=>"false"}}
  [1m[36mTodolist Load (0.5ms)[0m  [1m[34mSELECT  "todolists".* FROM "todolists" WHERE "todolists"."id" = $1 LIMIT $2[0m  [["id", 6], ["LIMIT", 1]]
  ↳ app/controllers/api/todos_controller.rb:21
  [1m[35m (0.5ms)[0m  [1m[35mBEGIN[0m
  ↳ app/controllers/api/todos_controller.rb:22
  [1m[36mTodolist Update (0.7ms)[0m  [1m[33mUPDATE "todolists" SET "done" = $1, "updated_at" = $2 WHERE "todolists"."id" = $3[0m  [["done", false], ["updated_at", "2018-10-03 00:23:26.782569"], ["id", 6]]
  ↳ app/controllers/api/todos_controller.rb:22
  [1m[35m (0.7ms)[0m  [1m[35mCOMMIT[0m
  ↳ app/controllers/api/todos_controller.rb:22
Completed 200 OK in 10ms (Views: 1.2ms | ActiveRecord: 2.3ms)


Started PATCH "/api/todos/6" for 127.0.0.1 at 2018-10-02 17:23:27 -0700
Processing by Api::TodosController#update as JSON
  Parameters: {"id"=>"6", "todo"=>{"done"=>"true"}}
  [1m[36mTodolist Load (0.3ms)[0m  [1m[34mSELECT  "todolists".* FROM "todolists" WHERE "todolists"."id" = $1 LIMIT $2[0m  [["id", 6], ["LIMIT", 1]]
  ↳ app/controllers/api/todos_controller.rb:21
  [1m[35m (0.6ms)[0m  [1m[35mBEGIN[0m
  ↳ app/controllers/api/todos_controller.rb:22
  [1m[36mTodolist Update (0.7ms)[0m  [1m[33mUPDATE "todolists" SET "done" = $1, "updated_at" = $2 WHERE "todolists"."id" = $3[0m  [["done", true], ["updated_at", "2018-10-03 00:23:27.406132"], ["id", 6]]
  ↳ app/controllers/api/todos_controller.rb:22
  [1m[35m (0.6ms)[0m  [1m[35mCOMMIT[0m
  ↳ app/controllers/api/todos_controller.rb:22
Completed 200 OK in 9ms (Views: 0.8ms | ActiveRecord: 2.2ms)


Started PATCH "/api/todos/6" for 127.0.0.1 at 2018-10-02 17:23:28 -0700
Processing by Api::TodosController#update as JSON
  Parameters: {"id"=>"6", "todo"=>{"done"=>"false"}}
  [1m[36mTodolist Load (0.6ms)[0m  [1m[34mSELECT  "todolists".* FROM "todolists" WHERE "todolists"."id" = $1 LIMIT $2[0m  [["id", 6], ["LIMIT", 1]]
  ↳ app/controllers/api/todos_controller.rb:21
  [1m[35m (0.2ms)[0m  [1m[35mBEGIN[0m
  ↳ app/controllers/api/todos_controller.rb:22
  [1m[36mTodolist Update (0.5ms)[0m  [1m[33mUPDATE "todolists" SET "done" = $1, "updated_at" = $2 WHERE "todolists"."id" = $3[0m  [["done", false], ["updated_at", "2018-10-03 00:23:28.078968"], ["id", 6]]
  ↳ app/controllers/api/todos_controller.rb:22
  [1m[35m (0.5ms)[0m  [1m[35mCOMMIT[0m
  ↳ app/controllers/api/todos_controller.rb:22
Completed 200 OK in 8ms (Views: 0.6ms | ActiveRecord: 1.9ms)


Started GET "/" for 127.0.0.1 at 2018-10-02 17:23:32 -0700
Processing by StaticPagesController#root as HTML
  Rendering static_pages/root.html within layouts/application
  Rendered static_pages/root.html within layouts/application (0.6ms)
Completed 200 OK in 47ms (Views: 41.7ms | ActiveRecord: 0.0ms)


Started GET "/api/todos" for 127.0.0.1 at 2018-10-02 17:23:32 -0700
Processing by Api::TodosController#index as JSON
  [1m[36mTodolist Load (0.9ms)[0m  [1m[34mSELECT "todolists".* FROM "todolists"[0m
  ↳ app/controllers/api/todos_controller.rb:8
Completed 200 OK in 7ms (Views: 5.5ms | ActiveRecord: 0.9ms)


Started GET "/" for 127.0.0.1 at 2018-10-02 17:26:12 -0700
Processing by StaticPagesController#root as HTML
  Rendering static_pages/root.html within layouts/application
  Rendered static_pages/root.html within layouts/application (0.4ms)
Completed 200 OK in 747ms (Views: 733.9ms | ActiveRecord: 0.0ms)


Started GET "/api/todos" for 127.0.0.1 at 2018-10-02 17:26:13 -0700
Processing by Api::TodosController#index as JSON
  [1m[36mTodolist Load (0.6ms)[0m  [1m[34mSELECT "todolists".* FROM "todolists"[0m
  ↳ app/controllers/api/todos_controller.rb:8
Completed 200 OK in 4ms (Views: 3.0ms | ActiveRecord: 0.6ms)


Started PATCH "/api/todos/6" for 127.0.0.1 at 2018-10-02 17:26:18 -0700
Processing by Api::TodosController#update as JSON
  Parameters: {"id"=>"6", "todo"=>{"done"=>"true"}}
  [1m[36mTodolist Load (0.5ms)[0m  [1m[34mSELECT  "todolists".* FROM "todolists" WHERE "todolists"."id" = $1 LIMIT $2[0m  [["id", 6], ["LIMIT", 1]]
  ↳ app/controllers/api/todos_controller.rb:21
  [1m[35m (0.3ms)[0m  [1m[35mBEGIN[0m
  ↳ app/controllers/api/todos_controller.rb:22
  [1m[36mTodolist Update (0.8ms)[0m  [1m[33mUPDATE "todolists" SET "done" = $1, "updated_at" = $2 WHERE "todolists"."id" = $3[0m  [["done", true], ["updated_at", "2018-10-03 00:26:18.466595"], ["id", 6]]
  ↳ app/controllers/api/todos_controller.rb:22
  [1m[35m (0.6ms)[0m  [1m[35mCOMMIT[0m
  ↳ app/controllers/api/todos_controller.rb:22
Completed 200 OK in 9ms (Views: 0.7ms | ActiveRecord: 2.2ms)


Started PATCH "/api/todos/6" for 127.0.0.1 at 2018-10-02 17:26:20 -0700
Processing by Api::TodosController#update as JSON
  Parameters: {"id"=>"6", "todo"=>{"done"=>"false"}}
  [1m[36mTodolist Load (0.7ms)[0m  [1m[34mSELECT  "todolists".* FROM "todolists" WHERE "todolists"."id" = $1 LIMIT $2[0m  [["id", 6], ["LIMIT", 1]]
  ↳ app/controllers/api/todos_controller.rb:21
  [1m[35m (0.2ms)[0m  [1m[35mBEGIN[0m
  ↳ app/controllers/api/todos_controller.rb:22
  [1m[36mTodolist Update (0.8ms)[0m  [1m[33mUPDATE "todolists" SET "done" = $1, "updated_at" = $2 WHERE "todolists"."id" = $3[0m  [["done", false], ["updated_at", "2018-10-03 00:26:20.789572"], ["id", 6]]
  ↳ app/controllers/api/todos_controller.rb:22
  [1m[35m (0.7ms)[0m  [1m[35mCOMMIT[0m
  ↳ app/controllers/api/todos_controller.rb:22
Completed 200 OK in 8ms (Views: 0.9ms | ActiveRecord: 2.4ms)


Started PATCH "/api/todos/6" for 127.0.0.1 at 2018-10-02 17:26:22 -0700
Processing by Api::TodosController#update as JSON
  Parameters: {"id"=>"6", "todo"=>{"done"=>"true"}}
  [1m[36mTodolist Load (0.3ms)[0m  [1m[34mSELECT  "todolists".* FROM "todolists" WHERE "todolists"."id" = $1 LIMIT $2[0m  [["id", 6], ["LIMIT", 1]]
  ↳ app/controllers/api/todos_controller.rb:21
  [1m[35m (0.2ms)[0m  [1m[35mBEGIN[0m
  ↳ app/controllers/api/todos_controller.rb:22
  [1m[36mTodolist Update (0.7ms)[0m  [1m[33mUPDATE "todolists" SET "done" = $1, "updated_at" = $2 WHERE "todolists"."id" = $3[0m  [["done", true], ["updated_at", "2018-10-03 00:26:22.933104"], ["id", 6]]
  ↳ app/controllers/api/todos_controller.rb:22
  [1m[35m (0.7ms)[0m  [1m[35mCOMMIT[0m
  ↳ app/controllers/api/todos_controller.rb:22
Completed 200 OK in 9ms (Views: 1.6ms | ActiveRecord: 1.9ms)


Started PATCH "/api/todos/6" for 127.0.0.1 at 2018-10-02 17:26:23 -0700
Processing by Api::TodosController#update as JSON
  Parameters: {"id"=>"6", "todo"=>{"done"=>"false"}}
  [1m[36mTodolist Load (0.3ms)[0m  [1m[34mSELECT  "todolists".* FROM "todolists" WHERE "todolists"."id" = $1 LIMIT $2[0m  [["id", 6], ["LIMIT", 1]]
  ↳ app/controllers/api/todos_controller.rb:21
  [1m[35m (0.2ms)[0m  [1m[35mBEGIN[0m
  ↳ app/controllers/api/todos_controller.rb:22
  [1m[36mTodolist Update (0.7ms)[0m  [1m[33mUPDATE "todolists" SET "done" = $1, "updated_at" = $2 WHERE "todolists"."id" = $3[0m  [["done", false], ["updated_at", "2018-10-03 00:26:23.932480"], ["id", 6]]
  ↳ app/controllers/api/todos_controller.rb:22
  [1m[35m (0.5ms)[0m  [1m[35mCOMMIT[0m
  ↳ app/controllers/api/todos_controller.rb:22
Completed 200 OK in 8ms (Views: 0.8ms | ActiveRecord: 1.8ms)


Started PATCH "/api/todos/7" for 127.0.0.1 at 2018-10-02 17:26:24 -0700
Processing by Api::TodosController#update as JSON
  Parameters: {"id"=>"7", "todo"=>{"done"=>"true"}}
  [1m[36mTodolist Load (0.4ms)[0m  [1m[34mSELECT  "todolists".* FROM "todolists" WHERE "todolists"."id" = $1 LIMIT $2[0m  [["id", 7], ["LIMIT", 1]]
  ↳ app/controllers/api/todos_controller.rb:21
  [1m[35m (0.3ms)[0m  [1m[35mBEGIN[0m
  ↳ app/controllers/api/todos_controller.rb:22
  [1m[36mTodolist Update (0.7ms)[0m  [1m[33mUPDATE "todolists" SET "done" = $1, "updated_at" = $2 WHERE "todolists"."id" = $3[0m  [["done", true], ["updated_at", "2018-10-03 00:26:24.933165"], ["id", 7]]
  ↳ app/controllers/api/todos_controller.rb:22
  [1m[35m (0.5ms)[0m  [1m[35mCOMMIT[0m
  ↳ app/controllers/api/todos_controller.rb:22
Completed 200 OK in 8ms (Views: 0.9ms | ActiveRecord: 1.8ms)


Started PATCH "/api/todos/7" for 127.0.0.1 at 2018-10-02 17:26:25 -0700
Processing by Api::TodosController#update as JSON
  Parameters: {"id"=>"7", "todo"=>{"done"=>"false"}}
  [1m[36mTodolist Load (0.3ms)[0m  [1m[34mSELECT  "todolists".* FROM "todolists" WHERE "todolists"."id" = $1 LIMIT $2[0m  [["id", 7], ["LIMIT", 1]]
  ↳ app/controllers/api/todos_controller.rb:21
  [1m[35m (0.2ms)[0m  [1m[35mBEGIN[0m
  ↳ app/controllers/api/todos_controller.rb:22
  [1m[36mTodolist Update (0.8ms)[0m  [1m[33mUPDATE "todolists" SET "done" = $1, "updated_at" = $2 WHERE "todolists"."id" = $3[0m  [["done", false], ["updated_at", "2018-10-03 00:26:25.565384"], ["id", 7]]
  ↳ app/controllers/api/todos_controller.rb:22
  [1m[35m (0.5ms)[0m  [1m[35mCOMMIT[0m
  ↳ app/controllers/api/todos_controller.rb:22
Completed 200 OK in 7ms (Views: 0.5ms | ActiveRecord: 1.7ms)


Started PATCH "/api/todos/7" for 127.0.0.1 at 2018-10-02 17:26:26 -0700
Processing by Api::TodosController#update as JSON
  Parameters: {"id"=>"7", "todo"=>{"done"=>"true"}}
  [1m[36mTodolist Load (0.4ms)[0m  [1m[34mSELECT  "todolists".* FROM "todolists" WHERE "todolists"."id" = $1 LIMIT $2[0m  [["id", 7], ["LIMIT", 1]]
  ↳ app/controllers/api/todos_controller.rb:21
  [1m[35m (0.2ms)[0m  [1m[35mBEGIN[0m
  ↳ app/controllers/api/todos_controller.rb:22
  [1m[36mTodolist Update (0.8ms)[0m  [1m[33mUPDATE "todolists" SET "done" = $1, "updated_at" = $2 WHERE "todolists"."id" = $3[0m  [["done", true], ["updated_at", "2018-10-03 00:26:26.197552"], ["id", 7]]
  ↳ app/controllers/api/todos_controller.rb:22
  [1m[35m (0.6ms)[0m  [1m[35mCOMMIT[0m
  ↳ app/controllers/api/todos_controller.rb:22
Completed 200 OK in 7ms (Views: 0.6ms | ActiveRecord: 2.0ms)


